{"C:\\Users\\georg\\georgeFiles\\workplaces\\jsWorkspace\\puzzle\\piece.js":{"path":"C:\\Users\\georg\\georgeFiles\\workplaces\\jsWorkspace\\puzzle\\piece.js","statementMap":{"0":{"start":{"line":27,"column":17},"end":{"line":27,"column":21}},"1":{"start":{"line":28,"column":18},"end":{"line":28,"column":22}},"2":{"start":{"line":29,"column":18},"end":{"line":29,"column":21}},"3":{"start":{"line":31,"column":23},"end":{"line":31,"column":36}},"4":{"start":{"line":32,"column":24},"end":{"line":32,"column":37}},"5":{"start":{"line":34,"column":18},"end":{"line":34,"column":40}},"6":{"start":{"line":35,"column":19},"end":{"line":35,"column":42}},"7":{"start":{"line":39,"column":4},"end":{"line":39,"column":34}},"8":{"start":{"line":40,"column":4},"end":{"line":40,"column":16}},"9":{"start":{"line":43,"column":4},"end":{"line":43,"column":23}},"10":{"start":{"line":44,"column":4},"end":{"line":44,"column":25}},"11":{"start":{"line":47,"column":4},"end":{"line":47,"column":34}},"12":{"start":{"line":50,"column":4},"end":{"line":50,"column":25}},"13":{"start":{"line":52,"column":4},"end":{"line":52,"column":29}},"14":{"start":{"line":53,"column":4},"end":{"line":53,"column":19}},"15":{"start":{"line":55,"column":4},"end":{"line":55,"column":26}},"16":{"start":{"line":57,"column":4},"end":{"line":57,"column":17}},"17":{"start":{"line":58,"column":4},"end":{"line":58,"column":22}},"18":{"start":{"line":59,"column":4},"end":{"line":59,"column":26}},"19":{"start":{"line":60,"column":4},"end":{"line":60,"column":28}},"20":{"start":{"line":62,"column":4},"end":{"line":62,"column":25}},"21":{"start":{"line":99,"column":4},"end":{"line":117,"column":6}},"22":{"start":{"line":100,"column":8},"end":{"line":101,"column":28}},"23":{"start":{"line":100,"column":32},"end":{"line":100,"column":47}},"24":{"start":{"line":101,"column":13},"end":{"line":101,"column":27}},"25":{"start":{"line":102,"column":8},"end":{"line":102,"column":53}},"26":{"start":{"line":103,"column":8},"end":{"line":103,"column":18}},"27":{"start":{"line":104,"column":8},"end":{"line":104,"column":21}},"28":{"start":{"line":105,"column":8},"end":{"line":105,"column":26}},"29":{"start":{"line":106,"column":8},"end":{"line":106,"column":66}},"30":{"start":{"line":107,"column":8},"end":{"line":116,"column":9}},"31":{"start":{"line":108,"column":12},"end":{"line":115,"column":13}},"32":{"start":{"line":108,"column":24},"end":{"line":108,"column":25}},"33":{"start":{"line":109,"column":16},"end":{"line":109,"column":24}},"34":{"start":{"line":110,"column":16},"end":{"line":110,"column":101}},"35":{"start":{"line":111,"column":16},"end":{"line":111,"column":29}},"36":{"start":{"line":112,"column":16},"end":{"line":112,"column":29}},"37":{"start":{"line":113,"column":16},"end":{"line":113,"column":34}},"38":{"start":{"line":114,"column":16},"end":{"line":114,"column":104}},"39":{"start":{"line":119,"column":4},"end":{"line":293,"column":6}},"40":{"start":{"line":120,"column":21},"end":{"line":120,"column":22}},"41":{"start":{"line":121,"column":23},"end":{"line":121,"column":28}},"42":{"start":{"line":123,"column":8},"end":{"line":129,"column":9}},"43":{"start":{"line":124,"column":12},"end":{"line":124,"column":23}},"44":{"start":{"line":127,"column":12},"end":{"line":127,"column":42}},"45":{"start":{"line":128,"column":12},"end":{"line":128,"column":28}},"46":{"start":{"line":130,"column":8},"end":{"line":292,"column":9}},"47":{"start":{"line":130,"column":20},"end":{"line":130,"column":21}},"48":{"start":{"line":131,"column":12},"end":{"line":141,"column":13}},"49":{"start":{"line":132,"column":16},"end":{"line":137,"column":17}},"50":{"start":{"line":133,"column":20},"end":{"line":133,"column":32}},"51":{"start":{"line":136,"column":20},"end":{"line":136,"column":42}},"52":{"start":{"line":140,"column":16},"end":{"line":140,"column":28}},"53":{"start":{"line":143,"column":12},"end":{"line":291,"column":13}},"54":{"start":{"line":143,"column":24},"end":{"line":143,"column":25}},"55":{"start":{"line":146,"column":33},"end":{"line":146,"column":41}},"56":{"start":{"line":148,"column":16},"end":{"line":290,"column":17}},"57":{"start":{"line":149,"column":20},"end":{"line":180,"column":21}},"58":{"start":{"line":150,"column":24},"end":{"line":150,"column":40}},"59":{"start":{"line":151,"column":24},"end":{"line":179,"column":25}},"60":{"start":{"line":152,"column":28},"end":{"line":152,"column":43}},"61":{"start":{"line":153,"column":28},"end":{"line":153,"column":36}},"62":{"start":{"line":154,"column":28},"end":{"line":154,"column":49}},"63":{"start":{"line":155,"column":28},"end":{"line":155,"column":50}},"64":{"start":{"line":156,"column":28},"end":{"line":156,"column":57}},"65":{"start":{"line":157,"column":28},"end":{"line":157,"column":44}},"66":{"start":{"line":159,"column":28},"end":{"line":159,"column":71}},"67":{"start":{"line":160,"column":28},"end":{"line":160,"column":62}},"68":{"start":{"line":162,"column":29},"end":{"line":179,"column":25}},"69":{"start":{"line":163,"column":28},"end":{"line":168,"column":29}},"70":{"start":{"line":164,"column":32},"end":{"line":164,"column":45}},"71":{"start":{"line":167,"column":32},"end":{"line":167,"column":42}},"72":{"start":{"line":170,"column":28},"end":{"line":170,"column":49}},"73":{"start":{"line":171,"column":28},"end":{"line":171,"column":50}},"74":{"start":{"line":172,"column":28},"end":{"line":172,"column":57}},"75":{"start":{"line":173,"column":28},"end":{"line":173,"column":44}},"76":{"start":{"line":174,"column":39},"end":{"line":174,"column":63}},"77":{"start":{"line":175,"column":28},"end":{"line":175,"column":123}},"78":{"start":{"line":184,"column":21},"end":{"line":290,"column":17}},"79":{"start":{"line":185,"column":20},"end":{"line":217,"column":21}},"80":{"start":{"line":186,"column":24},"end":{"line":186,"column":40}},"81":{"start":{"line":187,"column":24},"end":{"line":216,"column":25}},"82":{"start":{"line":188,"column":28},"end":{"line":188,"column":43}},"83":{"start":{"line":189,"column":28},"end":{"line":189,"column":36}},"84":{"start":{"line":191,"column":28},"end":{"line":191,"column":49}},"85":{"start":{"line":192,"column":28},"end":{"line":192,"column":50}},"86":{"start":{"line":193,"column":28},"end":{"line":193,"column":57}},"87":{"start":{"line":194,"column":28},"end":{"line":194,"column":52}},"88":{"start":{"line":196,"column":28},"end":{"line":196,"column":71}},"89":{"start":{"line":197,"column":28},"end":{"line":197,"column":62}},"90":{"start":{"line":199,"column":29},"end":{"line":216,"column":25}},"91":{"start":{"line":200,"column":28},"end":{"line":205,"column":29}},"92":{"start":{"line":201,"column":32},"end":{"line":201,"column":45}},"93":{"start":{"line":204,"column":32},"end":{"line":204,"column":42}},"94":{"start":{"line":207,"column":28},"end":{"line":207,"column":49}},"95":{"start":{"line":208,"column":28},"end":{"line":208,"column":50}},"96":{"start":{"line":209,"column":28},"end":{"line":209,"column":57}},"97":{"start":{"line":210,"column":28},"end":{"line":210,"column":52}},"98":{"start":{"line":214,"column":39},"end":{"line":214,"column":63}},"99":{"start":{"line":215,"column":28},"end":{"line":215,"column":121}},"100":{"start":{"line":220,"column":21},"end":{"line":290,"column":17}},"101":{"start":{"line":221,"column":20},"end":{"line":253,"column":21}},"102":{"start":{"line":222,"column":24},"end":{"line":222,"column":40}},"103":{"start":{"line":223,"column":24},"end":{"line":252,"column":25}},"104":{"start":{"line":225,"column":28},"end":{"line":225,"column":36}},"105":{"start":{"line":227,"column":28},"end":{"line":227,"column":49}},"106":{"start":{"line":228,"column":28},"end":{"line":228,"column":50}},"107":{"start":{"line":229,"column":28},"end":{"line":229,"column":44}},"108":{"start":{"line":230,"column":28},"end":{"line":230,"column":57}},"109":{"start":{"line":231,"column":28},"end":{"line":231,"column":70}},"110":{"start":{"line":232,"column":28},"end":{"line":232,"column":62}},"111":{"start":{"line":234,"column":29},"end":{"line":252,"column":25}},"112":{"start":{"line":235,"column":28},"end":{"line":240,"column":29}},"113":{"start":{"line":236,"column":32},"end":{"line":236,"column":45}},"114":{"start":{"line":239,"column":32},"end":{"line":239,"column":42}},"115":{"start":{"line":242,"column":28},"end":{"line":242,"column":49}},"116":{"start":{"line":243,"column":28},"end":{"line":243,"column":50}},"117":{"start":{"line":244,"column":28},"end":{"line":244,"column":44}},"118":{"start":{"line":245,"column":28},"end":{"line":245,"column":57}},"119":{"start":{"line":249,"column":39},"end":{"line":249,"column":62}},"120":{"start":{"line":250,"column":28},"end":{"line":250,"column":122}},"121":{"start":{"line":256,"column":21},"end":{"line":290,"column":17}},"122":{"start":{"line":257,"column":20},"end":{"line":289,"column":21}},"123":{"start":{"line":258,"column":24},"end":{"line":258,"column":40}},"124":{"start":{"line":259,"column":24},"end":{"line":288,"column":25}},"125":{"start":{"line":261,"column":28},"end":{"line":261,"column":36}},"126":{"start":{"line":263,"column":28},"end":{"line":263,"column":49}},"127":{"start":{"line":264,"column":28},"end":{"line":264,"column":50}},"128":{"start":{"line":265,"column":28},"end":{"line":265,"column":53}},"129":{"start":{"line":266,"column":28},"end":{"line":266,"column":57}},"130":{"start":{"line":267,"column":28},"end":{"line":267,"column":70}},"131":{"start":{"line":268,"column":28},"end":{"line":268,"column":62}},"132":{"start":{"line":270,"column":29},"end":{"line":288,"column":25}},"133":{"start":{"line":271,"column":28},"end":{"line":276,"column":29}},"134":{"start":{"line":272,"column":32},"end":{"line":272,"column":45}},"135":{"start":{"line":275,"column":32},"end":{"line":275,"column":42}},"136":{"start":{"line":278,"column":28},"end":{"line":278,"column":49}},"137":{"start":{"line":279,"column":28},"end":{"line":279,"column":50}},"138":{"start":{"line":280,"column":28},"end":{"line":280,"column":53}},"139":{"start":{"line":281,"column":28},"end":{"line":281,"column":57}},"140":{"start":{"line":286,"column":39},"end":{"line":286,"column":62}},"141":{"start":{"line":287,"column":28},"end":{"line":287,"column":121}},"142":{"start":{"line":296,"column":4},"end":{"line":881,"column":6}},"143":{"start":{"line":297,"column":21},"end":{"line":297,"column":22}},"144":{"start":{"line":298,"column":23},"end":{"line":298,"column":28}},"145":{"start":{"line":300,"column":8},"end":{"line":306,"column":9}},"146":{"start":{"line":301,"column":12},"end":{"line":301,"column":23}},"147":{"start":{"line":304,"column":12},"end":{"line":304,"column":42}},"148":{"start":{"line":305,"column":12},"end":{"line":305,"column":28}},"149":{"start":{"line":307,"column":8},"end":{"line":880,"column":9}},"150":{"start":{"line":307,"column":20},"end":{"line":307,"column":21}},"151":{"start":{"line":308,"column":12},"end":{"line":318,"column":13}},"152":{"start":{"line":309,"column":16},"end":{"line":314,"column":17}},"153":{"start":{"line":310,"column":20},"end":{"line":310,"column":32}},"154":{"start":{"line":313,"column":20},"end":{"line":313,"column":42}},"155":{"start":{"line":317,"column":16},"end":{"line":317,"column":28}},"156":{"start":{"line":332,"column":12},"end":{"line":879,"column":13}},"157":{"start":{"line":335,"column":16},"end":{"line":459,"column":17}},"158":{"start":{"line":337,"column":33},"end":{"line":337,"column":44}},"159":{"start":{"line":337,"column":46},"end":{"line":337,"column":60}},"160":{"start":{"line":337,"column":61},"end":{"line":337,"column":75}},"161":{"start":{"line":337,"column":76},"end":{"line":337,"column":89}},"162":{"start":{"line":337,"column":90},"end":{"line":337,"column":104}},"163":{"start":{"line":338,"column":34},"end":{"line":338,"column":46}},"164":{"start":{"line":339,"column":30},"end":{"line":339,"column":38}},"165":{"start":{"line":340,"column":36},"end":{"line":340,"column":75}},"166":{"start":{"line":341,"column":38},"end":{"line":341,"column":126}},"167":{"start":{"line":343,"column":20},"end":{"line":343,"column":38}},"168":{"start":{"line":345,"column":20},"end":{"line":345,"column":59}},"169":{"start":{"line":346,"column":20},"end":{"line":346,"column":48}},"170":{"start":{"line":347,"column":20},"end":{"line":347,"column":51}},"171":{"start":{"line":348,"column":20},"end":{"line":348,"column":45}},"172":{"start":{"line":349,"column":20},"end":{"line":349,"column":47}},"173":{"start":{"line":352,"column":20},"end":{"line":366,"column":21}},"174":{"start":{"line":353,"column":24},"end":{"line":365,"column":25}},"175":{"start":{"line":353,"column":36},"end":{"line":353,"column":37}},"176":{"start":{"line":354,"column":28},"end":{"line":364,"column":29}},"177":{"start":{"line":355,"column":32},"end":{"line":358,"column":33}},"178":{"start":{"line":356,"column":36},"end":{"line":356,"column":76}},"179":{"start":{"line":357,"column":36},"end":{"line":357,"column":73}},"180":{"start":{"line":359,"column":33},"end":{"line":362,"column":33}},"181":{"start":{"line":360,"column":36},"end":{"line":360,"column":76}},"182":{"start":{"line":361,"column":36},"end":{"line":361,"column":73}},"183":{"start":{"line":368,"column":20},"end":{"line":368,"column":50}},"184":{"start":{"line":369,"column":20},"end":{"line":369,"column":38}},"185":{"start":{"line":371,"column":20},"end":{"line":458,"column":21}},"186":{"start":{"line":372,"column":24},"end":{"line":433,"column":25}},"187":{"start":{"line":372,"column":36},"end":{"line":372,"column":37}},"188":{"start":{"line":373,"column":28},"end":{"line":432,"column":29}},"189":{"start":{"line":375,"column":32},"end":{"line":383,"column":33}},"190":{"start":{"line":375,"column":45},"end":{"line":375,"column":46}},"191":{"start":{"line":376,"column":36},"end":{"line":382,"column":37}},"192":{"start":{"line":377,"column":40},"end":{"line":377,"column":73}},"193":{"start":{"line":378,"column":40},"end":{"line":381,"column":41}},"194":{"start":{"line":379,"column":44},"end":{"line":379,"column":68}},"195":{"start":{"line":380,"column":44},"end":{"line":380,"column":74}},"196":{"start":{"line":385,"column":50},"end":{"line":385,"column":52}},"197":{"start":{"line":386,"column":32},"end":{"line":386,"column":69}},"198":{"start":{"line":387,"column":57},"end":{"line":387,"column":61}},"199":{"start":{"line":388,"column":32},"end":{"line":407,"column":33}},"200":{"start":{"line":389,"column":34},"end":{"line":389,"column":61}},"201":{"start":{"line":390,"column":34},"end":{"line":406,"column":35}},"202":{"start":{"line":390,"column":46},"end":{"line":390,"column":47}},"203":{"start":{"line":391,"column":36},"end":{"line":392,"column":45}},"204":{"start":{"line":392,"column":38},"end":{"line":392,"column":44}},"205":{"start":{"line":393,"column":36},"end":{"line":405,"column":37}},"206":{"start":{"line":394,"column":38},"end":{"line":404,"column":39}},"207":{"start":{"line":394,"column":50},"end":{"line":394,"column":51}},"208":{"start":{"line":395,"column":40},"end":{"line":396,"column":49}},"209":{"start":{"line":396,"column":42},"end":{"line":396,"column":48}},"210":{"start":{"line":397,"column":40},"end":{"line":403,"column":41}},"211":{"start":{"line":401,"column":42},"end":{"line":401,"column":89}},"212":{"start":{"line":402,"column":42},"end":{"line":402,"column":68}},"213":{"start":{"line":409,"column":32},"end":{"line":430,"column":33}},"214":{"start":{"line":409,"column":44},"end":{"line":409,"column":69}},"215":{"start":{"line":410,"column":34},"end":{"line":429,"column":35}},"216":{"start":{"line":411,"column":49},"end":{"line":411,"column":74}},"217":{"start":{"line":412,"column":50},"end":{"line":412,"column":76}},"218":{"start":{"line":413,"column":46},"end":{"line":413,"column":68}},"219":{"start":{"line":414,"column":52},"end":{"line":414,"column":207}},"220":{"start":{"line":416,"column":61},"end":{"line":416,"column":239}},"221":{"start":{"line":420,"column":36},"end":{"line":420,"column":82}},"222":{"start":{"line":421,"column":36},"end":{"line":421,"column":74}},"223":{"start":{"line":422,"column":36},"end":{"line":422,"column":68}},"224":{"start":{"line":423,"column":36},"end":{"line":423,"column":71}},"225":{"start":{"line":424,"column":36},"end":{"line":424,"column":70}},"226":{"start":{"line":426,"column":36},"end":{"line":426,"column":73}},"227":{"start":{"line":427,"column":36},"end":{"line":427,"column":66}},"228":{"start":{"line":431,"column":32},"end":{"line":431,"column":38}},"229":{"start":{"line":435,"column":25},"end":{"line":458,"column":21}},"230":{"start":{"line":436,"column":24},"end":{"line":457,"column":25}},"231":{"start":{"line":437,"column":28},"end":{"line":456,"column":29}},"232":{"start":{"line":437,"column":40},"end":{"line":437,"column":41}},"233":{"start":{"line":438,"column":45},"end":{"line":438,"column":66}},"234":{"start":{"line":439,"column":46},"end":{"line":439,"column":68}},"235":{"start":{"line":441,"column":42},"end":{"line":441,"column":60}},"236":{"start":{"line":442,"column":48},"end":{"line":442,"column":195}},"237":{"start":{"line":444,"column":57},"end":{"line":444,"column":227}},"238":{"start":{"line":448,"column":32},"end":{"line":448,"column":78}},"239":{"start":{"line":449,"column":32},"end":{"line":449,"column":70}},"240":{"start":{"line":450,"column":32},"end":{"line":450,"column":64}},"241":{"start":{"line":451,"column":32},"end":{"line":451,"column":67}},"242":{"start":{"line":452,"column":32},"end":{"line":452,"column":66}},"243":{"start":{"line":454,"column":32},"end":{"line":454,"column":69}},"244":{"start":{"line":455,"column":32},"end":{"line":455,"column":60}},"245":{"start":{"line":472,"column":17},"end":{"line":879,"column":13}},"246":{"start":{"line":474,"column":16},"end":{"line":601,"column":17}},"247":{"start":{"line":476,"column":33},"end":{"line":476,"column":44}},"248":{"start":{"line":476,"column":46},"end":{"line":476,"column":60}},"249":{"start":{"line":476,"column":61},"end":{"line":476,"column":75}},"250":{"start":{"line":476,"column":76},"end":{"line":476,"column":89}},"251":{"start":{"line":476,"column":90},"end":{"line":476,"column":104}},"252":{"start":{"line":477,"column":34},"end":{"line":477,"column":46}},"253":{"start":{"line":478,"column":30},"end":{"line":478,"column":38}},"254":{"start":{"line":479,"column":36},"end":{"line":479,"column":75}},"255":{"start":{"line":480,"column":38},"end":{"line":480,"column":126}},"256":{"start":{"line":482,"column":20},"end":{"line":482,"column":38}},"257":{"start":{"line":484,"column":20},"end":{"line":484,"column":59}},"258":{"start":{"line":485,"column":20},"end":{"line":485,"column":48}},"259":{"start":{"line":486,"column":20},"end":{"line":486,"column":51}},"260":{"start":{"line":487,"column":20},"end":{"line":487,"column":45}},"261":{"start":{"line":488,"column":20},"end":{"line":488,"column":47}},"262":{"start":{"line":491,"column":20},"end":{"line":505,"column":21}},"263":{"start":{"line":492,"column":24},"end":{"line":504,"column":25}},"264":{"start":{"line":492,"column":36},"end":{"line":492,"column":37}},"265":{"start":{"line":493,"column":28},"end":{"line":503,"column":29}},"266":{"start":{"line":494,"column":32},"end":{"line":497,"column":33}},"267":{"start":{"line":495,"column":36},"end":{"line":495,"column":76}},"268":{"start":{"line":496,"column":36},"end":{"line":496,"column":73}},"269":{"start":{"line":498,"column":33},"end":{"line":501,"column":33}},"270":{"start":{"line":499,"column":36},"end":{"line":499,"column":76}},"271":{"start":{"line":500,"column":36},"end":{"line":500,"column":73}},"272":{"start":{"line":507,"column":20},"end":{"line":507,"column":50}},"273":{"start":{"line":508,"column":20},"end":{"line":508,"column":38}},"274":{"start":{"line":511,"column":20},"end":{"line":600,"column":21}},"275":{"start":{"line":512,"column":24},"end":{"line":575,"column":25}},"276":{"start":{"line":512,"column":36},"end":{"line":512,"column":37}},"277":{"start":{"line":513,"column":28},"end":{"line":574,"column":29}},"278":{"start":{"line":516,"column":32},"end":{"line":524,"column":33}},"279":{"start":{"line":516,"column":45},"end":{"line":516,"column":46}},"280":{"start":{"line":517,"column":36},"end":{"line":523,"column":37}},"281":{"start":{"line":518,"column":40},"end":{"line":518,"column":73}},"282":{"start":{"line":519,"column":40},"end":{"line":522,"column":41}},"283":{"start":{"line":520,"column":44},"end":{"line":520,"column":69}},"284":{"start":{"line":521,"column":44},"end":{"line":521,"column":73}},"285":{"start":{"line":526,"column":50},"end":{"line":526,"column":52}},"286":{"start":{"line":527,"column":32},"end":{"line":527,"column":69}},"287":{"start":{"line":528,"column":57},"end":{"line":528,"column":61}},"288":{"start":{"line":529,"column":32},"end":{"line":548,"column":33}},"289":{"start":{"line":530,"column":34},"end":{"line":530,"column":61}},"290":{"start":{"line":531,"column":34},"end":{"line":547,"column":35}},"291":{"start":{"line":531,"column":46},"end":{"line":531,"column":47}},"292":{"start":{"line":532,"column":36},"end":{"line":533,"column":45}},"293":{"start":{"line":533,"column":38},"end":{"line":533,"column":44}},"294":{"start":{"line":534,"column":36},"end":{"line":546,"column":37}},"295":{"start":{"line":535,"column":38},"end":{"line":545,"column":39}},"296":{"start":{"line":535,"column":50},"end":{"line":535,"column":51}},"297":{"start":{"line":536,"column":40},"end":{"line":537,"column":49}},"298":{"start":{"line":537,"column":42},"end":{"line":537,"column":48}},"299":{"start":{"line":538,"column":40},"end":{"line":544,"column":41}},"300":{"start":{"line":542,"column":42},"end":{"line":542,"column":89}},"301":{"start":{"line":543,"column":42},"end":{"line":543,"column":68}},"302":{"start":{"line":550,"column":32},"end":{"line":572,"column":33}},"303":{"start":{"line":550,"column":44},"end":{"line":550,"column":69}},"304":{"start":{"line":551,"column":34},"end":{"line":571,"column":35}},"305":{"start":{"line":552,"column":49},"end":{"line":552,"column":74}},"306":{"start":{"line":553,"column":50},"end":{"line":553,"column":76}},"307":{"start":{"line":555,"column":46},"end":{"line":555,"column":68}},"308":{"start":{"line":556,"column":52},"end":{"line":556,"column":207}},"309":{"start":{"line":558,"column":61},"end":{"line":558,"column":240}},"310":{"start":{"line":562,"column":36},"end":{"line":562,"column":82}},"311":{"start":{"line":563,"column":36},"end":{"line":563,"column":74}},"312":{"start":{"line":564,"column":36},"end":{"line":564,"column":68}},"313":{"start":{"line":565,"column":36},"end":{"line":565,"column":71}},"314":{"start":{"line":566,"column":36},"end":{"line":566,"column":70}},"315":{"start":{"line":568,"column":36},"end":{"line":568,"column":73}},"316":{"start":{"line":569,"column":36},"end":{"line":569,"column":68}},"317":{"start":{"line":573,"column":32},"end":{"line":573,"column":38}},"318":{"start":{"line":577,"column":25},"end":{"line":600,"column":21}},"319":{"start":{"line":578,"column":24},"end":{"line":599,"column":25}},"320":{"start":{"line":579,"column":28},"end":{"line":598,"column":29}},"321":{"start":{"line":579,"column":40},"end":{"line":579,"column":41}},"322":{"start":{"line":580,"column":45},"end":{"line":580,"column":66}},"323":{"start":{"line":581,"column":46},"end":{"line":581,"column":68}},"324":{"start":{"line":583,"column":42},"end":{"line":583,"column":60}},"325":{"start":{"line":584,"column":48},"end":{"line":584,"column":195}},"326":{"start":{"line":586,"column":57},"end":{"line":586,"column":227}},"327":{"start":{"line":590,"column":32},"end":{"line":590,"column":78}},"328":{"start":{"line":591,"column":32},"end":{"line":591,"column":70}},"329":{"start":{"line":592,"column":32},"end":{"line":592,"column":64}},"330":{"start":{"line":593,"column":32},"end":{"line":593,"column":67}},"331":{"start":{"line":594,"column":32},"end":{"line":594,"column":66}},"332":{"start":{"line":596,"column":32},"end":{"line":596,"column":69}},"333":{"start":{"line":597,"column":32},"end":{"line":597,"column":60}},"334":{"start":{"line":615,"column":17},"end":{"line":879,"column":13}},"335":{"start":{"line":617,"column":16},"end":{"line":742,"column":17}},"336":{"start":{"line":619,"column":33},"end":{"line":619,"column":44}},"337":{"start":{"line":619,"column":46},"end":{"line":619,"column":60}},"338":{"start":{"line":619,"column":61},"end":{"line":619,"column":75}},"339":{"start":{"line":619,"column":76},"end":{"line":619,"column":89}},"340":{"start":{"line":619,"column":90},"end":{"line":619,"column":104}},"341":{"start":{"line":620,"column":34},"end":{"line":620,"column":46}},"342":{"start":{"line":621,"column":30},"end":{"line":621,"column":38}},"343":{"start":{"line":623,"column":36},"end":{"line":623,"column":75}},"344":{"start":{"line":624,"column":38},"end":{"line":624,"column":126}},"345":{"start":{"line":625,"column":20},"end":{"line":625,"column":38}},"346":{"start":{"line":627,"column":20},"end":{"line":627,"column":59}},"347":{"start":{"line":628,"column":20},"end":{"line":628,"column":48}},"348":{"start":{"line":629,"column":20},"end":{"line":629,"column":51}},"349":{"start":{"line":630,"column":20},"end":{"line":630,"column":45}},"350":{"start":{"line":631,"column":20},"end":{"line":631,"column":47}},"351":{"start":{"line":634,"column":20},"end":{"line":648,"column":21}},"352":{"start":{"line":635,"column":24},"end":{"line":647,"column":25}},"353":{"start":{"line":635,"column":36},"end":{"line":635,"column":37}},"354":{"start":{"line":636,"column":28},"end":{"line":646,"column":29}},"355":{"start":{"line":637,"column":32},"end":{"line":640,"column":33}},"356":{"start":{"line":638,"column":36},"end":{"line":638,"column":76}},"357":{"start":{"line":639,"column":36},"end":{"line":639,"column":73}},"358":{"start":{"line":641,"column":33},"end":{"line":644,"column":33}},"359":{"start":{"line":642,"column":36},"end":{"line":642,"column":76}},"360":{"start":{"line":643,"column":36},"end":{"line":643,"column":73}},"361":{"start":{"line":650,"column":20},"end":{"line":650,"column":50}},"362":{"start":{"line":651,"column":20},"end":{"line":651,"column":38}},"363":{"start":{"line":654,"column":20},"end":{"line":741,"column":21}},"364":{"start":{"line":655,"column":24},"end":{"line":717,"column":25}},"365":{"start":{"line":655,"column":36},"end":{"line":655,"column":37}},"366":{"start":{"line":656,"column":28},"end":{"line":716,"column":29}},"367":{"start":{"line":659,"column":32},"end":{"line":667,"column":33}},"368":{"start":{"line":659,"column":45},"end":{"line":659,"column":46}},"369":{"start":{"line":660,"column":36},"end":{"line":666,"column":37}},"370":{"start":{"line":661,"column":40},"end":{"line":661,"column":73}},"371":{"start":{"line":662,"column":40},"end":{"line":665,"column":41}},"372":{"start":{"line":663,"column":44},"end":{"line":663,"column":66}},"373":{"start":{"line":664,"column":44},"end":{"line":664,"column":73}},"374":{"start":{"line":669,"column":50},"end":{"line":669,"column":52}},"375":{"start":{"line":670,"column":32},"end":{"line":670,"column":69}},"376":{"start":{"line":671,"column":57},"end":{"line":671,"column":61}},"377":{"start":{"line":672,"column":32},"end":{"line":691,"column":33}},"378":{"start":{"line":673,"column":34},"end":{"line":673,"column":61}},"379":{"start":{"line":674,"column":34},"end":{"line":690,"column":35}},"380":{"start":{"line":674,"column":46},"end":{"line":674,"column":47}},"381":{"start":{"line":675,"column":36},"end":{"line":676,"column":45}},"382":{"start":{"line":676,"column":38},"end":{"line":676,"column":44}},"383":{"start":{"line":677,"column":36},"end":{"line":689,"column":37}},"384":{"start":{"line":678,"column":38},"end":{"line":688,"column":39}},"385":{"start":{"line":678,"column":50},"end":{"line":678,"column":51}},"386":{"start":{"line":679,"column":40},"end":{"line":680,"column":49}},"387":{"start":{"line":680,"column":42},"end":{"line":680,"column":48}},"388":{"start":{"line":681,"column":40},"end":{"line":687,"column":41}},"389":{"start":{"line":685,"column":42},"end":{"line":685,"column":89}},"390":{"start":{"line":686,"column":42},"end":{"line":686,"column":68}},"391":{"start":{"line":692,"column":32},"end":{"line":714,"column":33}},"392":{"start":{"line":692,"column":44},"end":{"line":692,"column":69}},"393":{"start":{"line":693,"column":34},"end":{"line":713,"column":35}},"394":{"start":{"line":694,"column":49},"end":{"line":694,"column":74}},"395":{"start":{"line":695,"column":50},"end":{"line":695,"column":76}},"396":{"start":{"line":697,"column":46},"end":{"line":697,"column":68}},"397":{"start":{"line":698,"column":52},"end":{"line":698,"column":207}},"398":{"start":{"line":700,"column":61},"end":{"line":700,"column":239}},"399":{"start":{"line":704,"column":36},"end":{"line":704,"column":82}},"400":{"start":{"line":705,"column":36},"end":{"line":705,"column":74}},"401":{"start":{"line":706,"column":36},"end":{"line":706,"column":68}},"402":{"start":{"line":707,"column":36},"end":{"line":707,"column":71}},"403":{"start":{"line":708,"column":36},"end":{"line":708,"column":70}},"404":{"start":{"line":710,"column":36},"end":{"line":710,"column":73}},"405":{"start":{"line":711,"column":36},"end":{"line":711,"column":66}},"406":{"start":{"line":715,"column":32},"end":{"line":715,"column":38}},"407":{"start":{"line":719,"column":25},"end":{"line":741,"column":21}},"408":{"start":{"line":720,"column":24},"end":{"line":740,"column":25}},"409":{"start":{"line":721,"column":28},"end":{"line":739,"column":29}},"410":{"start":{"line":721,"column":40},"end":{"line":721,"column":41}},"411":{"start":{"line":722,"column":45},"end":{"line":722,"column":66}},"412":{"start":{"line":723,"column":46},"end":{"line":723,"column":68}},"413":{"start":{"line":725,"column":42},"end":{"line":725,"column":60}},"414":{"start":{"line":726,"column":48},"end":{"line":726,"column":195}},"415":{"start":{"line":728,"column":57},"end":{"line":728,"column":227}},"416":{"start":{"line":731,"column":32},"end":{"line":731,"column":78}},"417":{"start":{"line":732,"column":32},"end":{"line":732,"column":70}},"418":{"start":{"line":733,"column":32},"end":{"line":733,"column":64}},"419":{"start":{"line":734,"column":32},"end":{"line":734,"column":67}},"420":{"start":{"line":735,"column":32},"end":{"line":735,"column":66}},"421":{"start":{"line":737,"column":32},"end":{"line":737,"column":69}},"422":{"start":{"line":738,"column":32},"end":{"line":738,"column":60}},"423":{"start":{"line":753,"column":17},"end":{"line":879,"column":13}},"424":{"start":{"line":755,"column":16},"end":{"line":878,"column":17}},"425":{"start":{"line":757,"column":33},"end":{"line":757,"column":44}},"426":{"start":{"line":757,"column":46},"end":{"line":757,"column":60}},"427":{"start":{"line":757,"column":61},"end":{"line":757,"column":75}},"428":{"start":{"line":757,"column":76},"end":{"line":757,"column":89}},"429":{"start":{"line":757,"column":90},"end":{"line":757,"column":104}},"430":{"start":{"line":758,"column":34},"end":{"line":758,"column":46}},"431":{"start":{"line":759,"column":30},"end":{"line":759,"column":38}},"432":{"start":{"line":761,"column":36},"end":{"line":761,"column":75}},"433":{"start":{"line":762,"column":38},"end":{"line":762,"column":126}},"434":{"start":{"line":763,"column":20},"end":{"line":763,"column":38}},"435":{"start":{"line":765,"column":20},"end":{"line":765,"column":59}},"436":{"start":{"line":766,"column":20},"end":{"line":766,"column":48}},"437":{"start":{"line":767,"column":20},"end":{"line":767,"column":51}},"438":{"start":{"line":768,"column":20},"end":{"line":768,"column":45}},"439":{"start":{"line":769,"column":20},"end":{"line":769,"column":47}},"440":{"start":{"line":771,"column":20},"end":{"line":785,"column":21}},"441":{"start":{"line":772,"column":24},"end":{"line":784,"column":25}},"442":{"start":{"line":772,"column":36},"end":{"line":772,"column":37}},"443":{"start":{"line":773,"column":28},"end":{"line":783,"column":29}},"444":{"start":{"line":774,"column":32},"end":{"line":777,"column":33}},"445":{"start":{"line":775,"column":36},"end":{"line":775,"column":76}},"446":{"start":{"line":776,"column":36},"end":{"line":776,"column":73}},"447":{"start":{"line":778,"column":33},"end":{"line":781,"column":33}},"448":{"start":{"line":779,"column":36},"end":{"line":779,"column":76}},"449":{"start":{"line":780,"column":36},"end":{"line":780,"column":73}},"450":{"start":{"line":787,"column":20},"end":{"line":787,"column":50}},"451":{"start":{"line":788,"column":20},"end":{"line":788,"column":38}},"452":{"start":{"line":790,"column":20},"end":{"line":877,"column":21}},"453":{"start":{"line":791,"column":24},"end":{"line":852,"column":25}},"454":{"start":{"line":791,"column":36},"end":{"line":791,"column":37}},"455":{"start":{"line":792,"column":28},"end":{"line":851,"column":29}},"456":{"start":{"line":795,"column":32},"end":{"line":803,"column":33}},"457":{"start":{"line":795,"column":45},"end":{"line":795,"column":46}},"458":{"start":{"line":796,"column":36},"end":{"line":802,"column":37}},"459":{"start":{"line":797,"column":40},"end":{"line":797,"column":73}},"460":{"start":{"line":798,"column":40},"end":{"line":801,"column":41}},"461":{"start":{"line":799,"column":44},"end":{"line":799,"column":68}},"462":{"start":{"line":800,"column":44},"end":{"line":800,"column":71}},"463":{"start":{"line":805,"column":50},"end":{"line":805,"column":52}},"464":{"start":{"line":806,"column":32},"end":{"line":806,"column":69}},"465":{"start":{"line":807,"column":57},"end":{"line":807,"column":61}},"466":{"start":{"line":808,"column":32},"end":{"line":827,"column":33}},"467":{"start":{"line":809,"column":34},"end":{"line":809,"column":61}},"468":{"start":{"line":810,"column":34},"end":{"line":826,"column":35}},"469":{"start":{"line":810,"column":46},"end":{"line":810,"column":47}},"470":{"start":{"line":811,"column":36},"end":{"line":812,"column":45}},"471":{"start":{"line":812,"column":38},"end":{"line":812,"column":44}},"472":{"start":{"line":813,"column":36},"end":{"line":825,"column":37}},"473":{"start":{"line":814,"column":38},"end":{"line":824,"column":39}},"474":{"start":{"line":814,"column":50},"end":{"line":814,"column":51}},"475":{"start":{"line":815,"column":40},"end":{"line":816,"column":49}},"476":{"start":{"line":816,"column":42},"end":{"line":816,"column":48}},"477":{"start":{"line":817,"column":40},"end":{"line":823,"column":41}},"478":{"start":{"line":821,"column":42},"end":{"line":821,"column":89}},"479":{"start":{"line":822,"column":42},"end":{"line":822,"column":68}},"480":{"start":{"line":828,"column":32},"end":{"line":849,"column":33}},"481":{"start":{"line":828,"column":44},"end":{"line":828,"column":69}},"482":{"start":{"line":829,"column":34},"end":{"line":848,"column":35}},"483":{"start":{"line":830,"column":49},"end":{"line":830,"column":74}},"484":{"start":{"line":831,"column":50},"end":{"line":831,"column":76}},"485":{"start":{"line":833,"column":46},"end":{"line":833,"column":68}},"486":{"start":{"line":834,"column":52},"end":{"line":834,"column":207}},"487":{"start":{"line":836,"column":61},"end":{"line":836,"column":239}},"488":{"start":{"line":839,"column":36},"end":{"line":839,"column":82}},"489":{"start":{"line":840,"column":36},"end":{"line":840,"column":74}},"490":{"start":{"line":841,"column":36},"end":{"line":841,"column":68}},"491":{"start":{"line":842,"column":36},"end":{"line":842,"column":71}},"492":{"start":{"line":843,"column":36},"end":{"line":843,"column":63}},"493":{"start":{"line":845,"column":36},"end":{"line":845,"column":73}},"494":{"start":{"line":846,"column":36},"end":{"line":846,"column":68}},"495":{"start":{"line":850,"column":32},"end":{"line":850,"column":38}},"496":{"start":{"line":854,"column":25},"end":{"line":877,"column":21}},"497":{"start":{"line":855,"column":24},"end":{"line":876,"column":25}},"498":{"start":{"line":856,"column":28},"end":{"line":875,"column":29}},"499":{"start":{"line":856,"column":40},"end":{"line":856,"column":41}},"500":{"start":{"line":857,"column":45},"end":{"line":857,"column":66}},"501":{"start":{"line":858,"column":46},"end":{"line":858,"column":68}},"502":{"start":{"line":860,"column":42},"end":{"line":860,"column":60}},"503":{"start":{"line":861,"column":48},"end":{"line":861,"column":195}},"504":{"start":{"line":863,"column":57},"end":{"line":863,"column":227}},"505":{"start":{"line":867,"column":32},"end":{"line":867,"column":78}},"506":{"start":{"line":868,"column":32},"end":{"line":868,"column":70}},"507":{"start":{"line":869,"column":32},"end":{"line":869,"column":64}},"508":{"start":{"line":870,"column":32},"end":{"line":870,"column":67}},"509":{"start":{"line":871,"column":32},"end":{"line":871,"column":66}},"510":{"start":{"line":873,"column":32},"end":{"line":873,"column":69}},"511":{"start":{"line":874,"column":32},"end":{"line":874,"column":60}},"512":{"start":{"line":910,"column":4},"end":{"line":941,"column":6}},"513":{"start":{"line":911,"column":8},"end":{"line":928,"column":9}},"514":{"start":{"line":912,"column":12},"end":{"line":927,"column":13}},"515":{"start":{"line":912,"column":24},"end":{"line":912,"column":25}},"516":{"start":{"line":913,"column":16},"end":{"line":918,"column":17}},"517":{"start":{"line":914,"column":20},"end":{"line":914,"column":45}},"518":{"start":{"line":916,"column":21},"end":{"line":918,"column":17}},"519":{"start":{"line":917,"column":20},"end":{"line":917,"column":44}},"520":{"start":{"line":919,"column":16},"end":{"line":924,"column":17}},"521":{"start":{"line":920,"column":20},"end":{"line":920,"column":44}},"522":{"start":{"line":922,"column":21},"end":{"line":924,"column":17}},"523":{"start":{"line":923,"column":20},"end":{"line":923,"column":42}},"524":{"start":{"line":925,"column":16},"end":{"line":925,"column":187}},"525":{"start":{"line":926,"column":16},"end":{"line":926,"column":187}},"526":{"start":{"line":929,"column":8},"end":{"line":934,"column":9}},"527":{"start":{"line":930,"column":12},"end":{"line":930,"column":37}},"528":{"start":{"line":932,"column":13},"end":{"line":934,"column":9}},"529":{"start":{"line":933,"column":12},"end":{"line":933,"column":36}},"530":{"start":{"line":935,"column":8},"end":{"line":940,"column":9}},"531":{"start":{"line":936,"column":12},"end":{"line":936,"column":36}},"532":{"start":{"line":938,"column":13},"end":{"line":940,"column":9}},"533":{"start":{"line":939,"column":12},"end":{"line":939,"column":34}},"534":{"start":{"line":1170,"column":4},"end":{"line":1279,"column":5}},"535":{"start":{"line":1171,"column":8},"end":{"line":1194,"column":9}},"536":{"start":{"line":1172,"column":12},"end":{"line":1175,"column":13}},"537":{"start":{"line":1173,"column":16},"end":{"line":1173,"column":40}},"538":{"start":{"line":1174,"column":16},"end":{"line":1174,"column":41}},"539":{"start":{"line":1177,"column":13},"end":{"line":1194,"column":9}},"540":{"start":{"line":1178,"column":12},"end":{"line":1181,"column":13}},"541":{"start":{"line":1179,"column":16},"end":{"line":1179,"column":41}},"542":{"start":{"line":1180,"column":16},"end":{"line":1180,"column":41}},"543":{"start":{"line":1183,"column":13},"end":{"line":1194,"column":9}},"544":{"start":{"line":1184,"column":12},"end":{"line":1187,"column":13}},"545":{"start":{"line":1185,"column":16},"end":{"line":1185,"column":38}},"546":{"start":{"line":1186,"column":16},"end":{"line":1186,"column":41}},"547":{"start":{"line":1189,"column":13},"end":{"line":1194,"column":9}},"548":{"start":{"line":1190,"column":12},"end":{"line":1193,"column":13}},"549":{"start":{"line":1191,"column":16},"end":{"line":1191,"column":40}},"550":{"start":{"line":1192,"column":16},"end":{"line":1192,"column":39}},"551":{"start":{"line":1195,"column":8},"end":{"line":1222,"column":9}},"552":{"start":{"line":1196,"column":12},"end":{"line":1221,"column":13}},"553":{"start":{"line":1196,"column":24},"end":{"line":1196,"column":25}},"554":{"start":{"line":1197,"column":16},"end":{"line":1220,"column":17}},"555":{"start":{"line":1198,"column":20},"end":{"line":1201,"column":21}},"556":{"start":{"line":1199,"column":24},"end":{"line":1199,"column":48}},"557":{"start":{"line":1200,"column":24},"end":{"line":1200,"column":49}},"558":{"start":{"line":1203,"column":21},"end":{"line":1220,"column":17}},"559":{"start":{"line":1204,"column":20},"end":{"line":1207,"column":21}},"560":{"start":{"line":1205,"column":24},"end":{"line":1205,"column":49}},"561":{"start":{"line":1206,"column":24},"end":{"line":1206,"column":49}},"562":{"start":{"line":1209,"column":21},"end":{"line":1220,"column":17}},"563":{"start":{"line":1210,"column":20},"end":{"line":1213,"column":21}},"564":{"start":{"line":1211,"column":24},"end":{"line":1211,"column":46}},"565":{"start":{"line":1212,"column":24},"end":{"line":1212,"column":49}},"566":{"start":{"line":1215,"column":21},"end":{"line":1220,"column":17}},"567":{"start":{"line":1216,"column":20},"end":{"line":1219,"column":21}},"568":{"start":{"line":1217,"column":24},"end":{"line":1217,"column":48}},"569":{"start":{"line":1218,"column":24},"end":{"line":1218,"column":47}},"570":{"start":{"line":1223,"column":8},"end":{"line":1278,"column":9}},"571":{"start":{"line":1224,"column":12},"end":{"line":1277,"column":13}},"572":{"start":{"line":1224,"column":24},"end":{"line":1224,"column":25}},"573":{"start":{"line":1225,"column":16},"end":{"line":1248,"column":17}},"574":{"start":{"line":1226,"column":20},"end":{"line":1229,"column":21}},"575":{"start":{"line":1227,"column":24},"end":{"line":1227,"column":48}},"576":{"start":{"line":1228,"column":24},"end":{"line":1228,"column":49}},"577":{"start":{"line":1231,"column":21},"end":{"line":1248,"column":17}},"578":{"start":{"line":1232,"column":20},"end":{"line":1235,"column":21}},"579":{"start":{"line":1233,"column":24},"end":{"line":1233,"column":49}},"580":{"start":{"line":1234,"column":24},"end":{"line":1234,"column":49}},"581":{"start":{"line":1237,"column":21},"end":{"line":1248,"column":17}},"582":{"start":{"line":1238,"column":20},"end":{"line":1241,"column":21}},"583":{"start":{"line":1239,"column":24},"end":{"line":1239,"column":46}},"584":{"start":{"line":1240,"column":24},"end":{"line":1240,"column":49}},"585":{"start":{"line":1243,"column":21},"end":{"line":1248,"column":17}},"586":{"start":{"line":1244,"column":20},"end":{"line":1247,"column":21}},"587":{"start":{"line":1245,"column":24},"end":{"line":1245,"column":48}},"588":{"start":{"line":1246,"column":24},"end":{"line":1246,"column":47}},"589":{"start":{"line":1249,"column":16},"end":{"line":1276,"column":17}},"590":{"start":{"line":1250,"column":20},"end":{"line":1275,"column":21}},"591":{"start":{"line":1250,"column":32},"end":{"line":1250,"column":33}},"592":{"start":{"line":1251,"column":24},"end":{"line":1274,"column":25}},"593":{"start":{"line":1252,"column":28},"end":{"line":1255,"column":29}},"594":{"start":{"line":1253,"column":32},"end":{"line":1253,"column":56}},"595":{"start":{"line":1254,"column":32},"end":{"line":1254,"column":57}},"596":{"start":{"line":1257,"column":29},"end":{"line":1274,"column":25}},"597":{"start":{"line":1258,"column":28},"end":{"line":1261,"column":29}},"598":{"start":{"line":1259,"column":32},"end":{"line":1259,"column":57}},"599":{"start":{"line":1260,"column":32},"end":{"line":1260,"column":57}},"600":{"start":{"line":1263,"column":29},"end":{"line":1274,"column":25}},"601":{"start":{"line":1264,"column":28},"end":{"line":1267,"column":29}},"602":{"start":{"line":1265,"column":32},"end":{"line":1265,"column":54}},"603":{"start":{"line":1266,"column":32},"end":{"line":1266,"column":57}},"604":{"start":{"line":1269,"column":29},"end":{"line":1274,"column":25}},"605":{"start":{"line":1270,"column":28},"end":{"line":1273,"column":29}},"606":{"start":{"line":1271,"column":32},"end":{"line":1271,"column":56}},"607":{"start":{"line":1272,"column":32},"end":{"line":1272,"column":55}},"608":{"start":{"line":1283,"column":4},"end":{"line":1316,"column":6}},"609":{"start":{"line":1284,"column":8},"end":{"line":1315,"column":9}},"610":{"start":{"line":1285,"column":12},"end":{"line":1285,"column":37}},"611":{"start":{"line":1286,"column":12},"end":{"line":1290,"column":13}},"612":{"start":{"line":1287,"column":16},"end":{"line":1289,"column":17}},"613":{"start":{"line":1287,"column":28},"end":{"line":1287,"column":29}},"614":{"start":{"line":1288,"column":18},"end":{"line":1288,"column":53}},"615":{"start":{"line":1292,"column":13},"end":{"line":1315,"column":9}},"616":{"start":{"line":1293,"column":12},"end":{"line":1293,"column":37}},"617":{"start":{"line":1294,"column":12},"end":{"line":1298,"column":13}},"618":{"start":{"line":1295,"column":16},"end":{"line":1297,"column":17}},"619":{"start":{"line":1295,"column":28},"end":{"line":1295,"column":29}},"620":{"start":{"line":1296,"column":18},"end":{"line":1296,"column":53}},"621":{"start":{"line":1300,"column":13},"end":{"line":1315,"column":9}},"622":{"start":{"line":1301,"column":12},"end":{"line":1301,"column":37}},"623":{"start":{"line":1302,"column":12},"end":{"line":1306,"column":13}},"624":{"start":{"line":1303,"column":16},"end":{"line":1305,"column":17}},"625":{"start":{"line":1303,"column":28},"end":{"line":1303,"column":29}},"626":{"start":{"line":1304,"column":18},"end":{"line":1304,"column":53}},"627":{"start":{"line":1308,"column":13},"end":{"line":1315,"column":9}},"628":{"start":{"line":1309,"column":12},"end":{"line":1309,"column":37}},"629":{"start":{"line":1310,"column":12},"end":{"line":1314,"column":13}},"630":{"start":{"line":1311,"column":16},"end":{"line":1313,"column":17}},"631":{"start":{"line":1311,"column":28},"end":{"line":1311,"column":29}},"632":{"start":{"line":1312,"column":18},"end":{"line":1312,"column":53}},"633":{"start":{"line":1332,"column":0},"end":{"line":1332,"column":29}}},"fnMap":{"0":{"name":"Piece","decl":{"start":{"line":38,"column":9},"end":{"line":38,"column":14}},"loc":{"start":{"line":38,"column":57},"end":{"line":1319,"column":1}},"line":38},"1":{"name":"(anonymous_1)","decl":{"start":{"line":99,"column":16},"end":{"line":99,"column":17}},"loc":{"start":{"line":99,"column":26},"end":{"line":117,"column":5}},"line":99},"2":{"name":"(anonymous_2)","decl":{"start":{"line":119,"column":16},"end":{"line":119,"column":17}},"loc":{"start":{"line":119,"column":26},"end":{"line":293,"column":5}},"line":119},"3":{"name":"(anonymous_3)","decl":{"start":{"line":296,"column":16},"end":{"line":296,"column":17}},"loc":{"start":{"line":296,"column":31},"end":{"line":881,"column":5}},"line":296},"4":{"name":"(anonymous_4)","decl":{"start":{"line":910,"column":21},"end":{"line":910,"column":22}},"loc":{"start":{"line":910,"column":31},"end":{"line":941,"column":5}},"line":910},"5":{"name":"(anonymous_5)","decl":{"start":{"line":1170,"column":19},"end":{"line":1170,"column":20}},"loc":{"start":{"line":1170,"column":34},"end":{"line":1279,"column":5}},"line":1170},"6":{"name":"(anonymous_6)","decl":{"start":{"line":1283,"column":16},"end":{"line":1283,"column":17}},"loc":{"start":{"line":1283,"column":26},"end":{"line":1316,"column":5}},"line":1283}},"branchMap":{"0":{"loc":{"start":{"line":100,"column":8},"end":{"line":101,"column":28}},"type":"if","locations":[{"start":{"line":100,"column":8},"end":{"line":101,"column":28}},{"start":{"line":100,"column":8},"end":{"line":101,"column":28}}],"line":100},"1":{"loc":{"start":{"line":107,"column":8},"end":{"line":116,"column":9}},"type":"if","locations":[{"start":{"line":107,"column":8},"end":{"line":116,"column":9}},{"start":{"line":107,"column":8},"end":{"line":116,"column":9}}],"line":107},"2":{"loc":{"start":{"line":123,"column":8},"end":{"line":129,"column":9}},"type":"if","locations":[{"start":{"line":123,"column":8},"end":{"line":129,"column":9}},{"start":{"line":123,"column":8},"end":{"line":129,"column":9}}],"line":123},"3":{"loc":{"start":{"line":131,"column":12},"end":{"line":141,"column":13}},"type":"if","locations":[{"start":{"line":131,"column":12},"end":{"line":141,"column":13}},{"start":{"line":131,"column":12},"end":{"line":141,"column":13}}],"line":131},"4":{"loc":{"start":{"line":132,"column":16},"end":{"line":137,"column":17}},"type":"if","locations":[{"start":{"line":132,"column":16},"end":{"line":137,"column":17}},{"start":{"line":132,"column":16},"end":{"line":137,"column":17}}],"line":132},"5":{"loc":{"start":{"line":148,"column":16},"end":{"line":290,"column":17}},"type":"if","locations":[{"start":{"line":148,"column":16},"end":{"line":290,"column":17}},{"start":{"line":148,"column":16},"end":{"line":290,"column":17}}],"line":148},"6":{"loc":{"start":{"line":149,"column":20},"end":{"line":180,"column":21}},"type":"if","locations":[{"start":{"line":149,"column":20},"end":{"line":180,"column":21}},{"start":{"line":149,"column":20},"end":{"line":180,"column":21}}],"line":149},"7":{"loc":{"start":{"line":151,"column":24},"end":{"line":179,"column":25}},"type":"if","locations":[{"start":{"line":151,"column":24},"end":{"line":179,"column":25}},{"start":{"line":151,"column":24},"end":{"line":179,"column":25}}],"line":151},"8":{"loc":{"start":{"line":162,"column":29},"end":{"line":179,"column":25}},"type":"if","locations":[{"start":{"line":162,"column":29},"end":{"line":179,"column":25}},{"start":{"line":162,"column":29},"end":{"line":179,"column":25}}],"line":162},"9":{"loc":{"start":{"line":163,"column":28},"end":{"line":168,"column":29}},"type":"if","locations":[{"start":{"line":163,"column":28},"end":{"line":168,"column":29}},{"start":{"line":163,"column":28},"end":{"line":168,"column":29}}],"line":163},"10":{"loc":{"start":{"line":184,"column":21},"end":{"line":290,"column":17}},"type":"if","locations":[{"start":{"line":184,"column":21},"end":{"line":290,"column":17}},{"start":{"line":184,"column":21},"end":{"line":290,"column":17}}],"line":184},"11":{"loc":{"start":{"line":185,"column":20},"end":{"line":217,"column":21}},"type":"if","locations":[{"start":{"line":185,"column":20},"end":{"line":217,"column":21}},{"start":{"line":185,"column":20},"end":{"line":217,"column":21}}],"line":185},"12":{"loc":{"start":{"line":187,"column":24},"end":{"line":216,"column":25}},"type":"if","locations":[{"start":{"line":187,"column":24},"end":{"line":216,"column":25}},{"start":{"line":187,"column":24},"end":{"line":216,"column":25}}],"line":187},"13":{"loc":{"start":{"line":199,"column":29},"end":{"line":216,"column":25}},"type":"if","locations":[{"start":{"line":199,"column":29},"end":{"line":216,"column":25}},{"start":{"line":199,"column":29},"end":{"line":216,"column":25}}],"line":199},"14":{"loc":{"start":{"line":200,"column":28},"end":{"line":205,"column":29}},"type":"if","locations":[{"start":{"line":200,"column":28},"end":{"line":205,"column":29}},{"start":{"line":200,"column":28},"end":{"line":205,"column":29}}],"line":200},"15":{"loc":{"start":{"line":220,"column":21},"end":{"line":290,"column":17}},"type":"if","locations":[{"start":{"line":220,"column":21},"end":{"line":290,"column":17}},{"start":{"line":220,"column":21},"end":{"line":290,"column":17}}],"line":220},"16":{"loc":{"start":{"line":221,"column":20},"end":{"line":253,"column":21}},"type":"if","locations":[{"start":{"line":221,"column":20},"end":{"line":253,"column":21}},{"start":{"line":221,"column":20},"end":{"line":253,"column":21}}],"line":221},"17":{"loc":{"start":{"line":223,"column":24},"end":{"line":252,"column":25}},"type":"if","locations":[{"start":{"line":223,"column":24},"end":{"line":252,"column":25}},{"start":{"line":223,"column":24},"end":{"line":252,"column":25}}],"line":223},"18":{"loc":{"start":{"line":234,"column":29},"end":{"line":252,"column":25}},"type":"if","locations":[{"start":{"line":234,"column":29},"end":{"line":252,"column":25}},{"start":{"line":234,"column":29},"end":{"line":252,"column":25}}],"line":234},"19":{"loc":{"start":{"line":235,"column":28},"end":{"line":240,"column":29}},"type":"if","locations":[{"start":{"line":235,"column":28},"end":{"line":240,"column":29}},{"start":{"line":235,"column":28},"end":{"line":240,"column":29}}],"line":235},"20":{"loc":{"start":{"line":256,"column":21},"end":{"line":290,"column":17}},"type":"if","locations":[{"start":{"line":256,"column":21},"end":{"line":290,"column":17}},{"start":{"line":256,"column":21},"end":{"line":290,"column":17}}],"line":256},"21":{"loc":{"start":{"line":257,"column":20},"end":{"line":289,"column":21}},"type":"if","locations":[{"start":{"line":257,"column":20},"end":{"line":289,"column":21}},{"start":{"line":257,"column":20},"end":{"line":289,"column":21}}],"line":257},"22":{"loc":{"start":{"line":259,"column":24},"end":{"line":288,"column":25}},"type":"if","locations":[{"start":{"line":259,"column":24},"end":{"line":288,"column":25}},{"start":{"line":259,"column":24},"end":{"line":288,"column":25}}],"line":259},"23":{"loc":{"start":{"line":270,"column":29},"end":{"line":288,"column":25}},"type":"if","locations":[{"start":{"line":270,"column":29},"end":{"line":288,"column":25}},{"start":{"line":270,"column":29},"end":{"line":288,"column":25}}],"line":270},"24":{"loc":{"start":{"line":271,"column":28},"end":{"line":276,"column":29}},"type":"if","locations":[{"start":{"line":271,"column":28},"end":{"line":276,"column":29}},{"start":{"line":271,"column":28},"end":{"line":276,"column":29}}],"line":271},"25":{"loc":{"start":{"line":300,"column":8},"end":{"line":306,"column":9}},"type":"if","locations":[{"start":{"line":300,"column":8},"end":{"line":306,"column":9}},{"start":{"line":300,"column":8},"end":{"line":306,"column":9}}],"line":300},"26":{"loc":{"start":{"line":308,"column":12},"end":{"line":318,"column":13}},"type":"if","locations":[{"start":{"line":308,"column":12},"end":{"line":318,"column":13}},{"start":{"line":308,"column":12},"end":{"line":318,"column":13}}],"line":308},"27":{"loc":{"start":{"line":309,"column":16},"end":{"line":314,"column":17}},"type":"if","locations":[{"start":{"line":309,"column":16},"end":{"line":314,"column":17}},{"start":{"line":309,"column":16},"end":{"line":314,"column":17}}],"line":309},"28":{"loc":{"start":{"line":332,"column":12},"end":{"line":879,"column":13}},"type":"if","locations":[{"start":{"line":332,"column":12},"end":{"line":879,"column":13}},{"start":{"line":332,"column":12},"end":{"line":879,"column":13}}],"line":332},"29":{"loc":{"start":{"line":332,"column":15},"end":{"line":332,"column":205}},"type":"binary-expr","locations":[{"start":{"line":332,"column":16},"end":{"line":332,"column":49}},{"start":{"line":332,"column":55},"end":{"line":332,"column":109}},{"start":{"line":332,"column":114},"end":{"line":332,"column":151}},{"start":{"line":332,"column":157},"end":{"line":332,"column":204}}],"line":332},"30":{"loc":{"start":{"line":335,"column":16},"end":{"line":459,"column":17}},"type":"if","locations":[{"start":{"line":335,"column":16},"end":{"line":459,"column":17}},{"start":{"line":335,"column":16},"end":{"line":459,"column":17}}],"line":335},"31":{"loc":{"start":{"line":335,"column":19},"end":{"line":335,"column":78}},"type":"binary-expr","locations":[{"start":{"line":335,"column":19},"end":{"line":335,"column":37}},{"start":{"line":335,"column":41},"end":{"line":335,"column":60}},{"start":{"line":335,"column":64},"end":{"line":335,"column":78}}],"line":335},"32":{"loc":{"start":{"line":352,"column":20},"end":{"line":366,"column":21}},"type":"if","locations":[{"start":{"line":352,"column":20},"end":{"line":366,"column":21}},{"start":{"line":352,"column":20},"end":{"line":366,"column":21}}],"line":352},"33":{"loc":{"start":{"line":354,"column":28},"end":{"line":364,"column":29}},"type":"if","locations":[{"start":{"line":354,"column":28},"end":{"line":364,"column":29}},{"start":{"line":354,"column":28},"end":{"line":364,"column":29}}],"line":354},"34":{"loc":{"start":{"line":355,"column":32},"end":{"line":358,"column":33}},"type":"if","locations":[{"start":{"line":355,"column":32},"end":{"line":358,"column":33}},{"start":{"line":355,"column":32},"end":{"line":358,"column":33}}],"line":355},"35":{"loc":{"start":{"line":359,"column":33},"end":{"line":362,"column":33}},"type":"if","locations":[{"start":{"line":359,"column":33},"end":{"line":362,"column":33}},{"start":{"line":359,"column":33},"end":{"line":362,"column":33}}],"line":359},"36":{"loc":{"start":{"line":371,"column":20},"end":{"line":458,"column":21}},"type":"if","locations":[{"start":{"line":371,"column":20},"end":{"line":458,"column":21}},{"start":{"line":371,"column":20},"end":{"line":458,"column":21}}],"line":371},"37":{"loc":{"start":{"line":373,"column":28},"end":{"line":432,"column":29}},"type":"if","locations":[{"start":{"line":373,"column":28},"end":{"line":432,"column":29}},{"start":{"line":373,"column":28},"end":{"line":432,"column":29}}],"line":373},"38":{"loc":{"start":{"line":376,"column":36},"end":{"line":382,"column":37}},"type":"if","locations":[{"start":{"line":376,"column":36},"end":{"line":382,"column":37}},{"start":{"line":376,"column":36},"end":{"line":382,"column":37}}],"line":376},"39":{"loc":{"start":{"line":378,"column":40},"end":{"line":381,"column":41}},"type":"if","locations":[{"start":{"line":378,"column":40},"end":{"line":381,"column":41}},{"start":{"line":378,"column":40},"end":{"line":381,"column":41}}],"line":378},"40":{"loc":{"start":{"line":378,"column":43},"end":{"line":378,"column":101}},"type":"binary-expr","locations":[{"start":{"line":378,"column":43},"end":{"line":378,"column":68}},{"start":{"line":378,"column":72},"end":{"line":378,"column":101}}],"line":378},"41":{"loc":{"start":{"line":391,"column":36},"end":{"line":392,"column":45}},"type":"if","locations":[{"start":{"line":391,"column":36},"end":{"line":392,"column":45}},{"start":{"line":391,"column":36},"end":{"line":392,"column":45}}],"line":391},"42":{"loc":{"start":{"line":393,"column":36},"end":{"line":405,"column":37}},"type":"if","locations":[{"start":{"line":393,"column":36},"end":{"line":405,"column":37}},{"start":{"line":393,"column":36},"end":{"line":405,"column":37}}],"line":393},"43":{"loc":{"start":{"line":393,"column":39},"end":{"line":393,"column":119}},"type":"binary-expr","locations":[{"start":{"line":393,"column":39},"end":{"line":393,"column":64}},{"start":{"line":393,"column":68},"end":{"line":393,"column":119}}],"line":393},"44":{"loc":{"start":{"line":395,"column":40},"end":{"line":396,"column":49}},"type":"if","locations":[{"start":{"line":395,"column":40},"end":{"line":396,"column":49}},{"start":{"line":395,"column":40},"end":{"line":396,"column":49}}],"line":395},"45":{"loc":{"start":{"line":397,"column":40},"end":{"line":403,"column":41}},"type":"if","locations":[{"start":{"line":397,"column":40},"end":{"line":403,"column":41}},{"start":{"line":397,"column":40},"end":{"line":403,"column":41}}],"line":397},"46":{"loc":{"start":{"line":398,"column":43},"end":{"line":399,"column":160}},"type":"binary-expr","locations":[{"start":{"line":398,"column":44},"end":{"line":398,"column":94}},{"start":{"line":398,"column":98},"end":{"line":398,"column":160}},{"start":{"line":399,"column":43},"end":{"line":399,"column":93}},{"start":{"line":399,"column":97},"end":{"line":399,"column":159}}],"line":398},"47":{"loc":{"start":{"line":410,"column":34},"end":{"line":429,"column":35}},"type":"if","locations":[{"start":{"line":410,"column":34},"end":{"line":429,"column":35}},{"start":{"line":410,"column":34},"end":{"line":429,"column":35}}],"line":410},"48":{"loc":{"start":{"line":435,"column":25},"end":{"line":458,"column":21}},"type":"if","locations":[{"start":{"line":435,"column":25},"end":{"line":458,"column":21}},{"start":{"line":435,"column":25},"end":{"line":458,"column":21}}],"line":435},"49":{"loc":{"start":{"line":436,"column":24},"end":{"line":457,"column":25}},"type":"if","locations":[{"start":{"line":436,"column":24},"end":{"line":457,"column":25}},{"start":{"line":436,"column":24},"end":{"line":457,"column":25}}],"line":436},"50":{"loc":{"start":{"line":472,"column":17},"end":{"line":879,"column":13}},"type":"if","locations":[{"start":{"line":472,"column":17},"end":{"line":879,"column":13}},{"start":{"line":472,"column":17},"end":{"line":879,"column":13}}],"line":472},"51":{"loc":{"start":{"line":472,"column":20},"end":{"line":472,"column":214}},"type":"binary-expr","locations":[{"start":{"line":472,"column":21},"end":{"line":472,"column":57}},{"start":{"line":472,"column":63},"end":{"line":472,"column":118}},{"start":{"line":472,"column":123},"end":{"line":472,"column":160}},{"start":{"line":472,"column":166},"end":{"line":472,"column":213}}],"line":472},"52":{"loc":{"start":{"line":474,"column":16},"end":{"line":601,"column":17}},"type":"if","locations":[{"start":{"line":474,"column":16},"end":{"line":601,"column":17}},{"start":{"line":474,"column":16},"end":{"line":601,"column":17}}],"line":474},"53":{"loc":{"start":{"line":474,"column":19},"end":{"line":474,"column":78}},"type":"binary-expr","locations":[{"start":{"line":474,"column":19},"end":{"line":474,"column":37}},{"start":{"line":474,"column":41},"end":{"line":474,"column":60}},{"start":{"line":474,"column":64},"end":{"line":474,"column":78}}],"line":474},"54":{"loc":{"start":{"line":491,"column":20},"end":{"line":505,"column":21}},"type":"if","locations":[{"start":{"line":491,"column":20},"end":{"line":505,"column":21}},{"start":{"line":491,"column":20},"end":{"line":505,"column":21}}],"line":491},"55":{"loc":{"start":{"line":493,"column":28},"end":{"line":503,"column":29}},"type":"if","locations":[{"start":{"line":493,"column":28},"end":{"line":503,"column":29}},{"start":{"line":493,"column":28},"end":{"line":503,"column":29}}],"line":493},"56":{"loc":{"start":{"line":494,"column":32},"end":{"line":497,"column":33}},"type":"if","locations":[{"start":{"line":494,"column":32},"end":{"line":497,"column":33}},{"start":{"line":494,"column":32},"end":{"line":497,"column":33}}],"line":494},"57":{"loc":{"start":{"line":498,"column":33},"end":{"line":501,"column":33}},"type":"if","locations":[{"start":{"line":498,"column":33},"end":{"line":501,"column":33}},{"start":{"line":498,"column":33},"end":{"line":501,"column":33}}],"line":498},"58":{"loc":{"start":{"line":511,"column":20},"end":{"line":600,"column":21}},"type":"if","locations":[{"start":{"line":511,"column":20},"end":{"line":600,"column":21}},{"start":{"line":511,"column":20},"end":{"line":600,"column":21}}],"line":511},"59":{"loc":{"start":{"line":513,"column":28},"end":{"line":574,"column":29}},"type":"if","locations":[{"start":{"line":513,"column":28},"end":{"line":574,"column":29}},{"start":{"line":513,"column":28},"end":{"line":574,"column":29}}],"line":513},"60":{"loc":{"start":{"line":517,"column":36},"end":{"line":523,"column":37}},"type":"if","locations":[{"start":{"line":517,"column":36},"end":{"line":523,"column":37}},{"start":{"line":517,"column":36},"end":{"line":523,"column":37}}],"line":517},"61":{"loc":{"start":{"line":519,"column":40},"end":{"line":522,"column":41}},"type":"if","locations":[{"start":{"line":519,"column":40},"end":{"line":522,"column":41}},{"start":{"line":519,"column":40},"end":{"line":522,"column":41}}],"line":519},"62":{"loc":{"start":{"line":519,"column":43},"end":{"line":519,"column":101}},"type":"binary-expr","locations":[{"start":{"line":519,"column":43},"end":{"line":519,"column":67}},{"start":{"line":519,"column":71},"end":{"line":519,"column":101}}],"line":519},"63":{"loc":{"start":{"line":532,"column":36},"end":{"line":533,"column":45}},"type":"if","locations":[{"start":{"line":532,"column":36},"end":{"line":533,"column":45}},{"start":{"line":532,"column":36},"end":{"line":533,"column":45}}],"line":532},"64":{"loc":{"start":{"line":534,"column":36},"end":{"line":546,"column":37}},"type":"if","locations":[{"start":{"line":534,"column":36},"end":{"line":546,"column":37}},{"start":{"line":534,"column":36},"end":{"line":546,"column":37}}],"line":534},"65":{"loc":{"start":{"line":534,"column":39},"end":{"line":534,"column":119}},"type":"binary-expr","locations":[{"start":{"line":534,"column":39},"end":{"line":534,"column":64}},{"start":{"line":534,"column":68},"end":{"line":534,"column":119}}],"line":534},"66":{"loc":{"start":{"line":536,"column":40},"end":{"line":537,"column":49}},"type":"if","locations":[{"start":{"line":536,"column":40},"end":{"line":537,"column":49}},{"start":{"line":536,"column":40},"end":{"line":537,"column":49}}],"line":536},"67":{"loc":{"start":{"line":538,"column":40},"end":{"line":544,"column":41}},"type":"if","locations":[{"start":{"line":538,"column":40},"end":{"line":544,"column":41}},{"start":{"line":538,"column":40},"end":{"line":544,"column":41}}],"line":538},"68":{"loc":{"start":{"line":539,"column":43},"end":{"line":540,"column":160}},"type":"binary-expr","locations":[{"start":{"line":539,"column":44},"end":{"line":539,"column":94}},{"start":{"line":539,"column":98},"end":{"line":539,"column":160}},{"start":{"line":540,"column":43},"end":{"line":540,"column":93}},{"start":{"line":540,"column":97},"end":{"line":540,"column":159}}],"line":539},"69":{"loc":{"start":{"line":551,"column":34},"end":{"line":571,"column":35}},"type":"if","locations":[{"start":{"line":551,"column":34},"end":{"line":571,"column":35}},{"start":{"line":551,"column":34},"end":{"line":571,"column":35}}],"line":551},"70":{"loc":{"start":{"line":577,"column":25},"end":{"line":600,"column":21}},"type":"if","locations":[{"start":{"line":577,"column":25},"end":{"line":600,"column":21}},{"start":{"line":577,"column":25},"end":{"line":600,"column":21}}],"line":577},"71":{"loc":{"start":{"line":578,"column":24},"end":{"line":599,"column":25}},"type":"if","locations":[{"start":{"line":578,"column":24},"end":{"line":599,"column":25}},{"start":{"line":578,"column":24},"end":{"line":599,"column":25}}],"line":578},"72":{"loc":{"start":{"line":615,"column":17},"end":{"line":879,"column":13}},"type":"if","locations":[{"start":{"line":615,"column":17},"end":{"line":879,"column":13}},{"start":{"line":615,"column":17},"end":{"line":879,"column":13}}],"line":615},"73":{"loc":{"start":{"line":615,"column":20},"end":{"line":615,"column":213}},"type":"binary-expr","locations":[{"start":{"line":615,"column":21},"end":{"line":615,"column":54}},{"start":{"line":615,"column":60},"end":{"line":615,"column":114}},{"start":{"line":615,"column":120},"end":{"line":615,"column":157}},{"start":{"line":615,"column":163},"end":{"line":615,"column":212}}],"line":615},"74":{"loc":{"start":{"line":617,"column":16},"end":{"line":742,"column":17}},"type":"if","locations":[{"start":{"line":617,"column":16},"end":{"line":742,"column":17}},{"start":{"line":617,"column":16},"end":{"line":742,"column":17}}],"line":617},"75":{"loc":{"start":{"line":617,"column":19},"end":{"line":617,"column":78}},"type":"binary-expr","locations":[{"start":{"line":617,"column":19},"end":{"line":617,"column":37}},{"start":{"line":617,"column":41},"end":{"line":617,"column":60}},{"start":{"line":617,"column":64},"end":{"line":617,"column":78}}],"line":617},"76":{"loc":{"start":{"line":634,"column":20},"end":{"line":648,"column":21}},"type":"if","locations":[{"start":{"line":634,"column":20},"end":{"line":648,"column":21}},{"start":{"line":634,"column":20},"end":{"line":648,"column":21}}],"line":634},"77":{"loc":{"start":{"line":636,"column":28},"end":{"line":646,"column":29}},"type":"if","locations":[{"start":{"line":636,"column":28},"end":{"line":646,"column":29}},{"start":{"line":636,"column":28},"end":{"line":646,"column":29}}],"line":636},"78":{"loc":{"start":{"line":637,"column":32},"end":{"line":640,"column":33}},"type":"if","locations":[{"start":{"line":637,"column":32},"end":{"line":640,"column":33}},{"start":{"line":637,"column":32},"end":{"line":640,"column":33}}],"line":637},"79":{"loc":{"start":{"line":641,"column":33},"end":{"line":644,"column":33}},"type":"if","locations":[{"start":{"line":641,"column":33},"end":{"line":644,"column":33}},{"start":{"line":641,"column":33},"end":{"line":644,"column":33}}],"line":641},"80":{"loc":{"start":{"line":654,"column":20},"end":{"line":741,"column":21}},"type":"if","locations":[{"start":{"line":654,"column":20},"end":{"line":741,"column":21}},{"start":{"line":654,"column":20},"end":{"line":741,"column":21}}],"line":654},"81":{"loc":{"start":{"line":656,"column":28},"end":{"line":716,"column":29}},"type":"if","locations":[{"start":{"line":656,"column":28},"end":{"line":716,"column":29}},{"start":{"line":656,"column":28},"end":{"line":716,"column":29}}],"line":656},"82":{"loc":{"start":{"line":660,"column":36},"end":{"line":666,"column":37}},"type":"if","locations":[{"start":{"line":660,"column":36},"end":{"line":666,"column":37}},{"start":{"line":660,"column":36},"end":{"line":666,"column":37}}],"line":660},"83":{"loc":{"start":{"line":662,"column":40},"end":{"line":665,"column":41}},"type":"if","locations":[{"start":{"line":662,"column":40},"end":{"line":665,"column":41}},{"start":{"line":662,"column":40},"end":{"line":665,"column":41}}],"line":662},"84":{"loc":{"start":{"line":662,"column":43},"end":{"line":662,"column":98}},"type":"binary-expr","locations":[{"start":{"line":662,"column":43},"end":{"line":662,"column":67}},{"start":{"line":662,"column":71},"end":{"line":662,"column":98}}],"line":662},"85":{"loc":{"start":{"line":675,"column":36},"end":{"line":676,"column":45}},"type":"if","locations":[{"start":{"line":675,"column":36},"end":{"line":676,"column":45}},{"start":{"line":675,"column":36},"end":{"line":676,"column":45}}],"line":675},"86":{"loc":{"start":{"line":677,"column":36},"end":{"line":689,"column":37}},"type":"if","locations":[{"start":{"line":677,"column":36},"end":{"line":689,"column":37}},{"start":{"line":677,"column":36},"end":{"line":689,"column":37}}],"line":677},"87":{"loc":{"start":{"line":677,"column":39},"end":{"line":677,"column":119}},"type":"binary-expr","locations":[{"start":{"line":677,"column":39},"end":{"line":677,"column":64}},{"start":{"line":677,"column":68},"end":{"line":677,"column":119}}],"line":677},"88":{"loc":{"start":{"line":679,"column":40},"end":{"line":680,"column":49}},"type":"if","locations":[{"start":{"line":679,"column":40},"end":{"line":680,"column":49}},{"start":{"line":679,"column":40},"end":{"line":680,"column":49}}],"line":679},"89":{"loc":{"start":{"line":681,"column":40},"end":{"line":687,"column":41}},"type":"if","locations":[{"start":{"line":681,"column":40},"end":{"line":687,"column":41}},{"start":{"line":681,"column":40},"end":{"line":687,"column":41}}],"line":681},"90":{"loc":{"start":{"line":682,"column":43},"end":{"line":683,"column":160}},"type":"binary-expr","locations":[{"start":{"line":682,"column":44},"end":{"line":682,"column":94}},{"start":{"line":682,"column":98},"end":{"line":682,"column":160}},{"start":{"line":683,"column":43},"end":{"line":683,"column":93}},{"start":{"line":683,"column":97},"end":{"line":683,"column":159}}],"line":682},"91":{"loc":{"start":{"line":693,"column":34},"end":{"line":713,"column":35}},"type":"if","locations":[{"start":{"line":693,"column":34},"end":{"line":713,"column":35}},{"start":{"line":693,"column":34},"end":{"line":713,"column":35}}],"line":693},"92":{"loc":{"start":{"line":719,"column":25},"end":{"line":741,"column":21}},"type":"if","locations":[{"start":{"line":719,"column":25},"end":{"line":741,"column":21}},{"start":{"line":719,"column":25},"end":{"line":741,"column":21}}],"line":719},"93":{"loc":{"start":{"line":720,"column":24},"end":{"line":740,"column":25}},"type":"if","locations":[{"start":{"line":720,"column":24},"end":{"line":740,"column":25}},{"start":{"line":720,"column":24},"end":{"line":740,"column":25}}],"line":720},"94":{"loc":{"start":{"line":753,"column":17},"end":{"line":879,"column":13}},"type":"if","locations":[{"start":{"line":753,"column":17},"end":{"line":879,"column":13}},{"start":{"line":753,"column":17},"end":{"line":879,"column":13}}],"line":753},"95":{"loc":{"start":{"line":753,"column":20},"end":{"line":753,"column":214}},"type":"binary-expr","locations":[{"start":{"line":753,"column":21},"end":{"line":753,"column":57}},{"start":{"line":753,"column":63},"end":{"line":753,"column":118}},{"start":{"line":753,"column":123},"end":{"line":753,"column":160}},{"start":{"line":753,"column":166},"end":{"line":753,"column":213}}],"line":753},"96":{"loc":{"start":{"line":755,"column":16},"end":{"line":878,"column":17}},"type":"if","locations":[{"start":{"line":755,"column":16},"end":{"line":878,"column":17}},{"start":{"line":755,"column":16},"end":{"line":878,"column":17}}],"line":755},"97":{"loc":{"start":{"line":755,"column":19},"end":{"line":755,"column":78}},"type":"binary-expr","locations":[{"start":{"line":755,"column":19},"end":{"line":755,"column":37}},{"start":{"line":755,"column":41},"end":{"line":755,"column":60}},{"start":{"line":755,"column":64},"end":{"line":755,"column":78}}],"line":755},"98":{"loc":{"start":{"line":771,"column":20},"end":{"line":785,"column":21}},"type":"if","locations":[{"start":{"line":771,"column":20},"end":{"line":785,"column":21}},{"start":{"line":771,"column":20},"end":{"line":785,"column":21}}],"line":771},"99":{"loc":{"start":{"line":773,"column":28},"end":{"line":783,"column":29}},"type":"if","locations":[{"start":{"line":773,"column":28},"end":{"line":783,"column":29}},{"start":{"line":773,"column":28},"end":{"line":783,"column":29}}],"line":773},"100":{"loc":{"start":{"line":774,"column":32},"end":{"line":777,"column":33}},"type":"if","locations":[{"start":{"line":774,"column":32},"end":{"line":777,"column":33}},{"start":{"line":774,"column":32},"end":{"line":777,"column":33}}],"line":774},"101":{"loc":{"start":{"line":778,"column":33},"end":{"line":781,"column":33}},"type":"if","locations":[{"start":{"line":778,"column":33},"end":{"line":781,"column":33}},{"start":{"line":778,"column":33},"end":{"line":781,"column":33}}],"line":778},"102":{"loc":{"start":{"line":790,"column":20},"end":{"line":877,"column":21}},"type":"if","locations":[{"start":{"line":790,"column":20},"end":{"line":877,"column":21}},{"start":{"line":790,"column":20},"end":{"line":877,"column":21}}],"line":790},"103":{"loc":{"start":{"line":792,"column":28},"end":{"line":851,"column":29}},"type":"if","locations":[{"start":{"line":792,"column":28},"end":{"line":851,"column":29}},{"start":{"line":792,"column":28},"end":{"line":851,"column":29}}],"line":792},"104":{"loc":{"start":{"line":796,"column":36},"end":{"line":802,"column":37}},"type":"if","locations":[{"start":{"line":796,"column":36},"end":{"line":802,"column":37}},{"start":{"line":796,"column":36},"end":{"line":802,"column":37}}],"line":796},"105":{"loc":{"start":{"line":798,"column":40},"end":{"line":801,"column":41}},"type":"if","locations":[{"start":{"line":798,"column":40},"end":{"line":801,"column":41}},{"start":{"line":798,"column":40},"end":{"line":801,"column":41}}],"line":798},"106":{"loc":{"start":{"line":798,"column":43},"end":{"line":798,"column":98}},"type":"binary-expr","locations":[{"start":{"line":798,"column":43},"end":{"line":798,"column":65}},{"start":{"line":798,"column":69},"end":{"line":798,"column":98}}],"line":798},"107":{"loc":{"start":{"line":811,"column":36},"end":{"line":812,"column":45}},"type":"if","locations":[{"start":{"line":811,"column":36},"end":{"line":812,"column":45}},{"start":{"line":811,"column":36},"end":{"line":812,"column":45}}],"line":811},"108":{"loc":{"start":{"line":813,"column":36},"end":{"line":825,"column":37}},"type":"if","locations":[{"start":{"line":813,"column":36},"end":{"line":825,"column":37}},{"start":{"line":813,"column":36},"end":{"line":825,"column":37}}],"line":813},"109":{"loc":{"start":{"line":813,"column":39},"end":{"line":813,"column":119}},"type":"binary-expr","locations":[{"start":{"line":813,"column":39},"end":{"line":813,"column":64}},{"start":{"line":813,"column":68},"end":{"line":813,"column":119}}],"line":813},"110":{"loc":{"start":{"line":815,"column":40},"end":{"line":816,"column":49}},"type":"if","locations":[{"start":{"line":815,"column":40},"end":{"line":816,"column":49}},{"start":{"line":815,"column":40},"end":{"line":816,"column":49}}],"line":815},"111":{"loc":{"start":{"line":817,"column":40},"end":{"line":823,"column":41}},"type":"if","locations":[{"start":{"line":817,"column":40},"end":{"line":823,"column":41}},{"start":{"line":817,"column":40},"end":{"line":823,"column":41}}],"line":817},"112":{"loc":{"start":{"line":818,"column":43},"end":{"line":819,"column":160}},"type":"binary-expr","locations":[{"start":{"line":818,"column":44},"end":{"line":818,"column":94}},{"start":{"line":818,"column":98},"end":{"line":818,"column":160}},{"start":{"line":819,"column":43},"end":{"line":819,"column":93}},{"start":{"line":819,"column":97},"end":{"line":819,"column":159}}],"line":818},"113":{"loc":{"start":{"line":829,"column":34},"end":{"line":848,"column":35}},"type":"if","locations":[{"start":{"line":829,"column":34},"end":{"line":848,"column":35}},{"start":{"line":829,"column":34},"end":{"line":848,"column":35}}],"line":829},"114":{"loc":{"start":{"line":854,"column":25},"end":{"line":877,"column":21}},"type":"if","locations":[{"start":{"line":854,"column":25},"end":{"line":877,"column":21}},{"start":{"line":854,"column":25},"end":{"line":877,"column":21}}],"line":854},"115":{"loc":{"start":{"line":855,"column":24},"end":{"line":876,"column":25}},"type":"if","locations":[{"start":{"line":855,"column":24},"end":{"line":876,"column":25}},{"start":{"line":855,"column":24},"end":{"line":876,"column":25}}],"line":855},"116":{"loc":{"start":{"line":911,"column":8},"end":{"line":928,"column":9}},"type":"if","locations":[{"start":{"line":911,"column":8},"end":{"line":928,"column":9}},{"start":{"line":911,"column":8},"end":{"line":928,"column":9}}],"line":911},"117":{"loc":{"start":{"line":913,"column":16},"end":{"line":918,"column":17}},"type":"if","locations":[{"start":{"line":913,"column":16},"end":{"line":918,"column":17}},{"start":{"line":913,"column":16},"end":{"line":918,"column":17}}],"line":913},"118":{"loc":{"start":{"line":916,"column":21},"end":{"line":918,"column":17}},"type":"if","locations":[{"start":{"line":916,"column":21},"end":{"line":918,"column":17}},{"start":{"line":916,"column":21},"end":{"line":918,"column":17}}],"line":916},"119":{"loc":{"start":{"line":919,"column":16},"end":{"line":924,"column":17}},"type":"if","locations":[{"start":{"line":919,"column":16},"end":{"line":924,"column":17}},{"start":{"line":919,"column":16},"end":{"line":924,"column":17}}],"line":919},"120":{"loc":{"start":{"line":922,"column":21},"end":{"line":924,"column":17}},"type":"if","locations":[{"start":{"line":922,"column":21},"end":{"line":924,"column":17}},{"start":{"line":922,"column":21},"end":{"line":924,"column":17}}],"line":922},"121":{"loc":{"start":{"line":929,"column":8},"end":{"line":934,"column":9}},"type":"if","locations":[{"start":{"line":929,"column":8},"end":{"line":934,"column":9}},{"start":{"line":929,"column":8},"end":{"line":934,"column":9}}],"line":929},"122":{"loc":{"start":{"line":932,"column":13},"end":{"line":934,"column":9}},"type":"if","locations":[{"start":{"line":932,"column":13},"end":{"line":934,"column":9}},{"start":{"line":932,"column":13},"end":{"line":934,"column":9}}],"line":932},"123":{"loc":{"start":{"line":935,"column":8},"end":{"line":940,"column":9}},"type":"if","locations":[{"start":{"line":935,"column":8},"end":{"line":940,"column":9}},{"start":{"line":935,"column":8},"end":{"line":940,"column":9}}],"line":935},"124":{"loc":{"start":{"line":938,"column":13},"end":{"line":940,"column":9}},"type":"if","locations":[{"start":{"line":938,"column":13},"end":{"line":940,"column":9}},{"start":{"line":938,"column":13},"end":{"line":940,"column":9}}],"line":938},"125":{"loc":{"start":{"line":1171,"column":8},"end":{"line":1194,"column":9}},"type":"if","locations":[{"start":{"line":1171,"column":8},"end":{"line":1194,"column":9}},{"start":{"line":1171,"column":8},"end":{"line":1194,"column":9}}],"line":1171},"126":{"loc":{"start":{"line":1171,"column":11},"end":{"line":1171,"column":129}},"type":
[...]
umn":32},"end":{"line":1257,"column":215}},"type":"binary-expr","locations":[{"start":{"line":1257,"column":33},"end":{"line":1257,"column":121}},{"start":{"line":1257,"column":127},"end":{"line":1257,"column":214}}],"line":1257},"183":{"loc":{"start":{"line":1258,"column":28},"end":{"line":1261,"column":29}},"type":"if","locations":[{"start":{"line":1258,"column":28},"end":{"line":1261,"column":29}},{"start":{"line":1258,"column":28},"end":{"line":1261,"column":29}}],"line":1258},"184":{"loc":{"start":{"line":1258,"column":32},"end":{"line":1258,"column":402}},"type":"binary-expr","locations":[{"start":{"line":1258,"column":36},"end":{"line":1258,"column":122}},{"start":{"line":1258,"column":129},"end":{"line":1258,"column":212}},{"start":{"line":1258,"column":223},"end":{"line":1258,"column":308}},{"start":{"line":1258,"column":314},"end":{"line":1258,"column":399}}],"line":1258},"185":{"loc":{"start":{"line":1263,"column":29},"end":{"line":1274,"column":25}},"type":"if","locations":[{"start":{"line":1263,"column":29},"end":{"line":1274,"column":25}},{"start":{"line":1263,"column":29},"end":{"line":1274,"column":25}}],"line":1263},"186":{"loc":{"start":{"line":1263,"column":32},"end":{"line":1263,"column":210}},"type":"binary-expr","locations":[{"start":{"line":1263,"column":33},"end":{"line":1263,"column":118}},{"start":{"line":1263,"column":124},"end":{"line":1263,"column":209}}],"line":1263},"187":{"loc":{"start":{"line":1264,"column":28},"end":{"line":1267,"column":29}},"type":"if","locations":[{"start":{"line":1264,"column":28},"end":{"line":1267,"column":29}},{"start":{"line":1264,"column":28},"end":{"line":1267,"column":29}}],"line":1264},"188":{"loc":{"start":{"line":1264,"column":32},"end":{"line":1264,"column":402}},"type":"binary-expr","locations":[{"start":{"line":1264,"column":36},"end":{"line":1264,"column":122}},{"start":{"line":1264,"column":129},"end":{"line":1264,"column":212}},{"start":{"line":1264,"column":223},"end":{"line":1264,"column":308}},{"start":{"line":1264,"column":314},"end":{"line":1264,"column":399}}],"line":1264},"189":{"loc":{"start":{"line":1269,"column":29},"end":{"line":1274,"column":25}},"type":"if","locations":[{"start":{"line":1269,"column":29},"end":{"line":1274,"column":25}},{"start":{"line":1269,"column":29},"end":{"line":1274,"column":25}}],"line":1269},"190":{"loc":{"start":{"line":1269,"column":32},"end":{"line":1269,"column":214}},"type":"binary-expr","locations":[{"start":{"line":1269,"column":33},"end":{"line":1269,"column":121}},{"start":{"line":1269,"column":127},"end":{"line":1269,"column":213}}],"line":1269},"191":{"loc":{"start":{"line":1270,"column":28},"end":{"line":1273,"column":29}},"type":"if","locations":[{"start":{"line":1270,"column":28},"end":{"line":1273,"column":29}},{"start":{"line":1270,"column":28},"end":{"line":1273,"column":29}}],"line":1270},"192":{"loc":{"start":{"line":1270,"column":32},"end":{"line":1270,"column":402}},"type":"binary-expr","locations":[{"start":{"line":1270,"column":36},"end":{"line":1270,"column":122}},{"start":{"line":1270,"column":129},"end":{"line":1270,"column":212}},{"start":{"line":1270,"column":223},"end":{"line":1270,"column":308}},{"start":{"line":1270,"column":314},"end":{"line":1270,"column":399}}],"line":1270},"193":{"loc":{"start":{"line":1284,"column":8},"end":{"line":1315,"column":9}},"type":"if","locations":[{"start":{"line":1284,"column":8},"end":{"line":1315,"column":9}},{"start":{"line":1284,"column":8},"end":{"line":1315,"column":9}}],"line":1284},"194":{"loc":{"start":{"line":1286,"column":12},"end":{"line":1290,"column":13}},"type":"if","locations":[{"start":{"line":1286,"column":12},"end":{"line":1290,"column":13}},{"start":{"line":1286,"column":12},"end":{"line":1290,"column":13}}],"line":1286},"195":{"loc":{"start":{"line":1292,"column":13},"end":{"line":1315,"column":9}},"type":"if","locations":[{"start":{"line":1292,"column":13},"end":{"line":1315,"column":9}},{"start":{"line":1292,"column":13},"end":{"line":1315,"column":9}}],"line":1292},"196":{"loc":{"start":{"line":1294,"column":12},"end":{"line":1298,"column":13}},"type":"if","locations":[{"start":{"line":1294,"column":12},"end":{"line":1298,"column":13}},{"start":{"line":1294,"column":12},"end":{"line":1298,"column":13}}],"line":1294},"197":{"loc":{"start":{"line":1300,"column":13},"end":{"line":1315,"column":9}},"type":"if","locations":[{"start":{"line":1300,"column":13},"end":{"line":1315,"column":9}},{"start":{"line":1300,"column":13},"end":{"line":1315,"column":9}}],"line":1300},"198":{"loc":{"start":{"line":1302,"column":12},"end":{"line":1306,"column":13}},"type":"if","locations":[{"start":{"line":1302,"column":12},"end":{"line":1306,"column":13}},{"start":{"line":1302,"column":12},"end":{"line":1306,"column":13}}],"line":1302},"199":{"loc":{"start":{"line":1308,"column":13},"end":{"line":1315,"column":9}},"type":"if","locations":[{"start":{"line":1308,"column":13},"end":{"line":1315,"column":9}},{"start":{"line":1308,"column":13},"end":{"line":1315,"column":9}}],"line":1308},"200":{"loc":{"start":{"line":1310,"column":12},"end":{"line":1314,"column":13}},"type":"if","locations":[{"start":{"line":1310,"column":12},"end":{"line":1314,"column":13}},{"start":{"line":1310,"column":12},"end":{"line":1314,"column":13}}],"line":1310}},"s":{"0":1,"1":1,"2":1,"3":1,"4":1,"5":1,"6":1,"7":0,"8":0,"9":0,"10":0,"11":0,"12":0,"13":0,"14":0,"15":0,"16":0,"17":0,"18":0,"19":0,"20":0,"21":0,"22":0,"23":0,"24":0,"25":0,"26":0,"27":0,"28":0,"29":0,"30":0,"31":0,"32":0,"33":0,"34":0,"35":0,"36":0,"37":0,"38":0,"39":0,"40":0,"41":0,"42":0,"43":0,"44":0,"45":0,"46":0,"47":0,"48":0,"49":0,"50":0,"51":0,"52":0,"53":0,"54":0,"55":0,"56":0,"57":0,"58":0,"59":0,"60":0,"61":0,"62":0,"63":0,"64":0,"65":0,"66":0,"67":0,"68":0,"69":0,"70":0,"71":0,"72":0,"73":0,"74":0,"75":0,"76":0,"77":0,"78":0,"79":0,"80":0,"81":0,"82":0,"83":0,"84":0,"85":0,"86":0,"87":0,"88":0,"89":0,"90":0,"91":0,"92":0,"93":0,"94":0,"95":0,"96":0,"97":0,"98":0,"99":0,"100":0,"101":0,"102":0,"103":0,"104":0,"105":0,"106":0,"107":0,"108":0,"109":0,"110":0,"111":0,"112":0,"113":0,"114":0,"115":0,"116":0,"117":0,"118":0,"119":0,"120":0,"121":0,"122":0,"123":0,"124":0,"125":0,"126":0,"127":0,"128":0,"129":0,"130":0,"131":0,"132":0,"133":0,"134":0,"135":0,"136":0,"137":0,"138":0,"139":0,"140":0,"141":0,"142":0,"143":0,"144":0,"145":0,"146":0,"147":0,"148":0,"149":0,"150":0,"151":0,"152":0,"153":0,"154":0,"155":0,"156":0,"157":0,"158":0,"159":0,"160":0,"161":0,"162":0,"163":0,"164":0,"165":0,"166":0,"167":0,"168":0,"169":0,"170":0,"171":0,"172":0,"173":0,"174":0,"175":0,"176":0,"177":0,"178":0,"179":0,"180":0,"181":0,"182":0,"183":0,"184":0,"185":0,"186":0,"187":0,"188":0,"189":0,"190":0,"191":0,"192":0,"193":0,"194":0,"195":0,"196":0,"197":0,"198":0,"199":0,"200":0,"201":0,"202":0,"203":0,"204":0,"205":0,"206":0,"207":0,"208":0,"209":0,"210":0,"211":0,"212":0,"213":0,"214":0,"215":0,"216":0,"217":0,"218":0,"219":0,"220":0,"221":0,"222":0,"223":0,"224":0,"225":0,"226":0,"227":0,"228":0,"229":0,"230":0,"231":0,"232":0,"233":0,"234":0,"235":0,"236":0,"237":0,"238":0,"239":0,"240":0,"241":0,"242":0,"243":0,"244":0,"245":0,"246":0,"247":0,"248":0,"249":0,"250":0,"251":0,"252":0,"253":0,"254":0,"255":0,"256":0,"257":0,"258":0,"259":0,"260":0,"261":0,"262":0,"263":0,"264":0,"265":0,"266":0,"267":0,"268":0,"269":0,"270":0,"271":0,"272":0,"273":0,"274":0,"275":0,"276":0,"277":0,"278":0,"279":0,"280":0,"281":0,"282":0,"283":0,"284":0,"285":0,"286":0,"287":0,"288":0,"289":0,"290":0,"291":0,"292":0,"293":0,"294":0,"295":0,"296":0,"297":0,"298":0,"299":0,"300":0,"301":0,"302":0,"303":0,"304":0,"305":0,"306":0,"307":0,"308":0,"309":0,"310":0,"311":0,"312":0,"313":0,"314":0,"315":0,"316":0,"317":0,"318":0,"319":0,"320":0,"321":0,"322":0,"323":0,"324":0,"325":0,"326":0,"327":0,"328":0,"329":0,"330":0,"331":0,"332":0,"333":0,"334":0,"335":0,"336":0,"337":0,"338":0,"339":0,"340":0,"341":0,"342":0,"343":0,"344":0,"345":0,"346":0,"347":0,"348":0,"349":0,"350":0,"351":0,"352":0,"353":0,"354":0,"355":0,"356":0,"357":0,"358":0,"359":0,"360":0,"361":0,"362":0,"363":0,"364":0,"365":0,"366":0,"367":0,"368":0,"369":0,"370":0,"371":0,"372":0,"373":0,"374":0,"375":0,"376":0,"377":0,"378":0,"379":0,"380":0,"381":0,"382":0,"383":0,"384":0,"385":0,"386":0,"387":0,"388":0,"389":0,"390":0,"391":0,"392":0,"393":0,"394":0,"395":0,"396":0,"397":0,"398":0,"399":0,"400":0,"401":0,"402":0,"403":0,"404":0,"405":0,"406":0,"407":0,"408":0,"409":0,"410":0,"411":0,"412":0,"413":0,"414":0,"415":0,"416":0,"417":0,"418":0,"419":0,"420":0,"421":0,"422":0,"423":0,"424":0,"425":0,"426":0,"427":0,"428":0,"429":0,"430":0,"431":0,"432":0,"433":0,"434":0,"435":0,"436":0,"437":0,"438":0,"439":0,"440":0,"441":0,"442":0,"443":0,"444":0,"445":0,"446":0,"447":0,"448":0,"449":0,"450":0,"451":0,"452":0,"453":0,"454":0,"455":0,"456":0,"457":0,"458":0,"459":0,"460":0,"461":0,"462":0,"463":0,"464":0,"465":0,"466":0,"467":0,"468":0,"469":0,"470":0,"471":0,"472":0,"473":0,"474":0,"475":0,"476":0,"477":0,"478":0,"479":0,"480":0,"481":0,"482":0,"483":0,"484":0,"485":0,"486":0,"487":0,"488":0,"489":0,"490":0,"491":0,"492":0,"493":0,"494":0,"495":0,"496":0,"497":0,"498":0,"499":0,"500":0,"501":0,"502":0,"503":0,"504":0,"505":0,"506":0,"507":0,"508":0,"509":0,"510":0,"511":0,"512":0,"513":0,"514":0,"515":0,"516":0,"517":0,"518":0,"519":0,"520":0,"521":0,"522":0,"523":0,"524":0,"525":0,"526":0,"527":0,"528":0,"529":0,"530":0,"531":0,"532":0,"533":0,"534":0,"535":0,"536":0,"537":0,"538":0,"539":0,"540":0,"541":0,"542":0,"543":0,"544":0,"545":0,"546":0,"547":0,"548":0,"549":0,"550":0,"551":0,"552":0,"553":0,"554":0,"555":0,"556":0,"557":0,"558":0,"559":0,"560":0,"561":0,"562":0,"563":0,"564":0,"565":0,"566":0,"567":0,"568":0,"569":0,"570":0,"571":0,"572":0,"573":0,"574":0,"575":0,"576":0,"577":0,"578":0,"579":0,"580":0,"581":0,"582":0,"583":0,"584":0,"585":0,"586":0,"587":0,"588":0,"589":0,"590":0,"591":0,"592":0,"593":0,"594":0,"595":0,"596":0,"597":0,"598":0,"599":0,"600":0,"601":0,"602":0,"603":0,"604":0,"605":0,"606":0,"607":0,"608":0,"609":0,"610":0,"611":0,"612":0,"613":0,"614":0,"615":0,"616":0,"617":0,"618":0,"619":0,"620":0,"621":0,"622":0,"623":0,"624":0,"625":0,"626":0,"627":0,"628":0,"629":0,"630":0,"631":0,"632":0,"633":1},"f":{"0":0,"1":0,"2":0,"3":0,"4":0,"5":0,"6":0},"b":{"0":[0,0],"1":[0,0],"2":[0,0],"3":[0,0],"4":[0,0],"5":[0,0],"6":[0,0],"7":[0,0],"8":[0,0],"9":[0,0],"10":[0,0],"11":[0,0],"12":[0,0],"13":[0,0],"14":[0,0],"15":[0,0],"16":[0,0],"17":[0,0],"18":[0,0],"19":[0,0],"20":[0,0],"21":[0,0],"22":[0,0],"23":[0,0],"24":[0,0],"25":[0,0],"26":[0,0],"27":[0,0],"28":[0,0],"29":[0,0,0,0],"30":[0,0],"31":[0,0,0],"32":[0,0],"33":[0,0],"34":[0,0],"35":[0,0],"36":[0,0],"37":[0,0],"38":[0,0],"39":[0,0],"40":[0,0],"41":[0,0],"42":[0,0],"43":[0,0],"44":[0,0],"45":[0,0],"46":[0,0,0,0],"47":[0,0],"48":[0,0],"49":[0,0],"50":[0,0],"51":[0,0,0,0],"52":[0,0],"53":[0,0,0],"54":[0,0],"55":[0,0],"56":[0,0],"57":[0,0],"58":[0,0],"59":[0,0],"60":[0,0],"61":[0,0],"62":[0,0],"63":[0,0],"64":[0,0],"65":[0,0],"66":[0,0],"67":[0,0],"68":[0,0,0,0],"69":[0,0],"70":[0,0],"71":[0,0],"72":[0,0],"73":[0,0,0,0],"74":[0,0],"75":[0,0,0],"76":[0,0],"77":[0,0],"78":[0,0],"79":[0,0],"80":[0,0],"81":[0,0],"82":[0,0],"83":[0,0],"84":[0,0],"85":[0,0],"86":[0,0],"87":[0,0],"88":[0,0],"89":[0,0],"90":[0,0,0,0],"91":[0,0],"92":[0,0],"93":[0,0],"94":[0,0],"95":[0,0,0,0],"96":[0,0],"97":[0,0,0],"98":[0,0],"99":[0,0],"100":[0,0],"101":[0,0],"102":[0,0],"103":[0,0],"104":[0,0],"105":[0,0],"106":[0,0],"107":[0,0],"108":[0,0],"109":[0,0],"110":[0,0],"111":[0,0],"112":[0,0,0,0],"113":[0,0],"114":[0,0],"115":[0,0],"116":[0,0],"117":[0,0],"118":[0,0],"119":[0,0],"120":[0,0],"121":[0,0],"122":[0,0],"123":[0,0],"124":[0,0],"125":[0,0],"126":[0,0],"127":[0,0],"128":[0,0,0,0],"129":[0,0],"130":[0,0],"131":[0,0],"132":[0,0,0,0],"133":[0,0],"134":[0,0],"135":[0,0],"136":[0,0,0,0],"137":[0,0],"138":[0,0],"139":[0,0],"140":[0,0,0,0],"141":[0,0],"142":[0,0],"143":[0,0],"144":[0,0],"145":[0,0,0,0],"146":[0,0],"147":[0,0],"148":[0,0],"149":[0,0,0,0],"150":[0,0],"151":[0,0],"152":[0,0],"153":[0,0,0,0],"154":[0,0],"155":[0,0],"156":[0,0],"157":[0,0,0,0],"158":[0,0],"159":[0,0],"160":[0,0],"161":[0,0],"162":[0,0],"163":[0,0,0,0],"164":[0,0],"165":[0,0],"166":[0,0],"167":[0,0,0,0],"168":[0,0],"169":[0,0],"170":[0,0],"171":[0,0,0,0],"172":[0,0],"173":[0,0],"174":[0,0],"175":[0,0,0,0],"176":[0,0],"177":[0,0],"178":[0,0],"179":[0,0],"180":[0,0,0,0],"181":[0,0],"182":[0,0],"183":[0,0],"184":[0,0,0,0],"185":[0,0],"186":[0,0],"187":[0,0],"188":[0,0,0,0],"189":[0,0],"190":[0,0],"191":[0,0],"192":[0,0,0,0],"193":[0,0],"194":[0,0],"195":[0,0],"196":[0,0],"197":[0,0],"198":[0,0],"199":[0,0],"200":[0,0]},"_coverageSchema":"1a1c01bbd47fc00a2c39e90264f33305004495a9","hash":"15ceac14be5e2efcab5dbe3839006b0e59a82195","contentHash":"dc8e81a1090f8c7b7d48963c1d07a67d7a968d56f918211340242ef2561f662e"},"C:\\Users\\georg\\georgeFiles\\workplaces\\jsWorkspace\\puzzle\\server.js":{"path":"C:\\Users\\georg\\georgeFiles\\workplaces\\jsWorkspace\\puzzle\\server.js","statementMap":{"0":{"start":{"line":37,"column":17},"end":{"line":37,"column":19}},"1":{"start":{"line":39,"column":4},"end":{"line":39,"column":15}},"2":{"start":{"line":40,"column":4},"end":{"line":40,"column":15}},"3":{"start":{"line":41,"column":4},"end":{"line":41,"column":23}},"4":{"start":{"line":42,"column":4},"end":{"line":42,"column":25}},"5":{"start":{"line":43,"column":4},"end":{"line":43,"column":17}},"6":{"start":{"line":57,"column":14},"end":{"line":57,"column":32}},"7":{"start":{"line":59,"column":10},"end":{"line":59,"column":19}},"8":{"start":{"line":63,"column":13},"end":{"line":63,"column":57}},"9":{"start":{"line":67,"column":13},"end":{"line":67,"column":37}},"10":{"start":{"line":68,"column":13},"end":{"line":68,"column":34}},"11":{"start":{"line":69,"column":2},"end":{"line":69,"column":70}},"12":{"start":{"line":72,"column":0},"end":{"line":72,"column":34}},"13":{"start":{"line":76,"column":9},"end":{"line":76,"column":37}},"14":{"start":{"line":78,"column":0},"end":{"line":78,"column":27}},"15":{"start":{"line":82,"column":2},"end":{"line":82,"column":21}},"16":{"start":{"line":83,"column":2},"end":{"line":83,"column":43}},"17":{"start":{"line":89,"column":0},"end":{"line":157,"column":2}},"18":{"start":{"line":93,"column":4},"end":{"line":93,"column":54}},"19":{"start":{"line":105,"column":6},"end":{"line":112,"column":9}},"20":{"start":{"line":106,"column":20},"end":{"line":106,"column":69}},"21":{"start":{"line":107,"column":8},"end":{"line":107,"column":31}},"22":{"start":{"line":130,"column":4},"end":{"line":150,"column":7}},"23":{"start":{"line":131,"column":28},"end":{"line":131,"column":38}},"24":{"start":{"line":132,"column":6},"end":{"line":149,"column":7}},"25":{"start":{"line":136,"column":8},"end":{"line":148,"column":9}},"26":{"start":{"line":136,"column":20},"end":{"line":136,"column":21}},"27":{"start":{"line":137,"column":26},"end":{"line":137,"column":35}},"28":{"start":{"line":140,"column":10},"end":{"line":147,"column":11}},"29":{"start":{"line":144,"column":14},"end":{"line":144,"column":48}},"30":{"start":{"line":145,"column":14},"end":{"line":145,"column":50}},"31":{"start":{"line":146,"column":14},"end":{"line":146,"column":56}},"32":{"start":{"line":152,"column":4},"end":{"line":154,"column":7}},"33":{"start":{"line":153,"column":6},"end":{"line":153,"column":45}},"34":{"start":{"line":204,"column":2},"end":{"line":234,"column":3}},"35":{"start":{"line":204,"column":14},"end":{"line":204,"column":15}},"36":{"start":{"line":205,"column":4},"end":{"line":210,"column":5}},"37":{"start":{"line":206,"column":6},"end":{"line":206,"column":27}},"38":{"start":{"line":208,"column":9},"end":{"line":210,"column":5}},"39":{"start":{"line":209,"column":6},"end":{"line":209,"column":27}},"40":{"start":{"line":211,"column":4},"end":{"line":213,"column":5}},"41":{"start":{"line":212,"column":6},"end":{"line":212,"column":27}},"42":{"start":{"line":214,"column":4},"end":{"line":216,"column":5}},"43":{"start":{"line":215,"column":6},"end":{"line":215,"column":27}},"44":{"start":{"line":237,"column":0},"end":{"line":237,"column":18}}},"fnMap":{"0":{"name":"Piece","decl":{"start":{"line":38,"column":9},"end":{"line":38,"column":14}},"loc":{"start":{"line":38,"column":39},"end":{"line":44,"column":1}},"line":38},"1":{"name":"listen","decl":{"start":{"line":66,"column":9},"end":{"line":66,"column":15}},"loc":{"start":{"line":66,"column":18},"end":{"line":70,"column":1}},"line":66},"2":{"name":"heartbeat","decl":{"start":{"line":80,"column":9},"end":{"line":80,"column":18}},"loc":{"start":{"line":80,"column":21},"end":{"line":84,"column":1}},"line":80},"3":{"name":"(anonymous_3)","decl":{"start":{"line":92,"column":2},"end":{"line":92,"column":3}},"loc":{"start":{"line":92,"column":19},"end":{"line":156,"column":3}},"line":92},"4":{"name":"(anonymous_4)","decl":{"start":{"line":105,"column":25},"end":{"line":105,"column":26}},"loc":{"start":{"line":105,"column":37},"end":{"line":112,"column":7}},"line":105},"5":{"name":"(anonymous_5)","decl":{"start":{"line":130,"column":24},"end":{"line":130,"column":25}},"loc":{"start":{"line":130,"column":39},"end":{"line":150,"column":5}},"line":130},"6":{"name":"(anonymous_6)","decl":{"start":{"line":152,"column":28},"end":{"line":152,"column":29}},"loc":{"start":{"line":152,"column":39},"end":{"line":154,"column":5}},"line":152},"7":{"name":"moving","decl":{"start":{"line":203,"column":9},"end":{"line":203,"column":15}},"loc":{"start":{"line":203,"column":27},"end":{"line":235,"column":1}},"line":203}},"branchMap":{"0":{"loc":{"start":{"line":63,"column":24},"end":{"line":63,"column":48}},"type":"binary-expr","locations":[{"start":{"line":63,"column":24},"end":{"line":63,"column":40}},{"start":{"line":63,"column":44},"end":{"line":63,"column":48}}],"line":63},"1":{"loc":{"start":{"line":132,"column":6},"end":{"line":149,"column":7}},"type":"if","locations":[{"start":{"line":132,"column":6},"end":{"line":149,"column":7}},{"start":{"line":132,"column":6},"end":{"line":149,"column":7}}],"line":132},"2":{"loc":{"start":{"line":140,"column":10},"end":{"line":147,"column":11}},"type":"if","locations":[{"start":{"line":140,"column":10},"end":{"line":147,"column":11}},{"start":{"line":140,"column":10},"end":{"line":147,"column":11}}],"line":140},"3":{"loc":{"start":{"line":205,"column":4},"end":{"line":210,"column":5}},"type":"if","locations":[{"start":{"line":205,"column":4},"end":{"line":210,"column":5}},{"start":{"line":205,"column":4},"end":{"line":210,"column":5}}],"line":205},"4":{"loc":{"start":{"line":208,"column":9},"end":{"line":210,"column":5}},"type":"if","locations":[{"start":{"line":208,"column":9},"end":{"line":210,"column":5}},{"start":{"line":208,"column":9},"end":{"line":210,"column":5}}],"line":208},"5":{"loc":{"start":{"line":211,"column":4},"end":{"line":213,"column":5}},"type":"if","locations":[{"start":{"line":211,"column":4},"end":{"line":213,"column":5}},{"start":{"line":211,"column":4},"end":{"line":213,"column":5}}],"line":211},"6":{"loc":{"start":{"line":214,"column":4},"end":{"line":216,"column":5}},"type":"if","locations":[{"start":{"line":214,"column":4},"end":{"line":216,"column":5}},{"start":{"line":214,"column":4},"end":{"line":216,"column":5}}],"line":214}},"s":{"0":1,"1":0,"2":0,"3":0,"4":0,"5":0,"6":1,"7":1,"8":1,"9":1,"10":1,"11":1,"12":1,"13":1,"14":1,"15":43,"16":43,"17":1,"18":0,"19":0,"20":0,"21":0,"22":0,"23":0,"24":0,"25":0,"26":0,"27":0,"28":0,"29":0,"30":0,"31":0,"32":0,"33":0,"34":43,"35":43,"36":0,"37":0,"38":0,"39":0,"40":0,"41":0,"42":0,"43":0,"44":1},"f":{"0":0,"1":1,"2":43,"3":0,"4":0,"5":0,"6":0,"7":43},"b":{"0":[1,1],"1":[0,0],"2":[0,0],"3":[0,0],"4":[0,0],"5":[0,0],"6":[0,0]},"_coverageSchema":"1a1c01bbd47fc00a2c39e90264f33305004495a9","hash":"de34c23d6ea710635080cb74bfd5fcfda345b3ed","contentHash":"7a6e022593af19cbdf2e82e60b2d5ee76976db38f848b54a918ac5820d803fde"}}